IQ-TREE multicore version 2.1.3 COVID-edition for Mac OS X 64-bit built Apr 20 2021
Developed by Bui Quang Minh, James Barbetti, Nguyen Lam Tung,
Olga Chernomor, Heiko Schmidt, Dominik Schrempf, Michael Woodhams.

Host:    bio-kvkoell-20i (AVX2, FMA3, 32 GB RAM)
Command: iqtree2 -redo --polytomy -m TEST -T AUTO --wbtl -T 4 --prefix data/19B_subclade/19B_subclade_family -s data/19B_subclade/19B_subclade_family.fasta
Seed:    926037 (Using SPRNG - Scalable Parallel Random Number Generator)
Time:    Thu Aug 19 16:24:44 2021
Kernel:  AVX+FMA - 4 threads (16 CPU cores detected)

Reading alignment file data/19B_subclade/19B_subclade_family.fasta ... Fasta format detected
Alignment most likely contains DNA/RNA sequences
WARNING: 203 sites contain only gaps or ambiguous characters.
Alignment has 528 sequences with 29903 columns, 1141 distinct patterns
112 parsimony-informative, 271 singleton sites, 29520 constant sites
                                                                    Gap/Ambiguity  Composition  p-value
   1  hCoV-19/Hong_Kong/HKPU1_2101/2020|EPI_ISL_417176|2020-01-21           1.05%    passed    100.00%
   2  hCoV-19/Australia/VIC27/2020|EPI_ISL_419746|2020-03-10                0.68%    passed    100.00%
   3  hCoV-19/Australia/VIC28/2020|EPI_ISL_419747|2020-03-10                0.68%    passed    100.00%
   4  hCoV-19/USA/GA_1320/2020|EPI_ISL_420786|2020-03-03                    0.68%    passed    100.00%
   5  hCoV-19/USA/GA_1445/2020|EPI_ISL_420788|2020-03-04                    0.68%    passed    100.00%
   6  hCoV-19/USA/NY-WC-13741-01/2020|EPI_ISL_534731|2020-03-12             0.68%    passed    100.00%
   7  hCoV-19/Australia/VIC17/2020|EPI_ISL_419736|2020-03-07                0.68%    passed    100.00%
   8  hCoV-19/Australia/VIC32/2020|EPI_ISL_419751|2020-03-10                0.68%    passed    100.00%
   9  hCoV-19/Australia/VIC33/2020|EPI_ISL_419752|2020-03-10                0.68%    passed    100.00%
  10  hCoV-19/Australia/VIC35/2020|EPI_ISL_419755|2020-03-10                0.68%    passed    100.00%
  11  hCoV-19/Australia/VIC53/2020|EPI_ISL_419769|2020-03-12                0.68%    passed    100.00%
  12  hCoV-19/Australia/VIC56/2020|EPI_ISL_419777|2020-03-12                0.68%    passed    100.00%
  13  hCoV-19/Australia/VIC73/2020|EPI_ISL_419785|2020-03-14                0.68%    passed    100.00%
  14  hCoV-19/Australia/VIC76/2020|EPI_ISL_419788|2020-03-14                1.46%    passed     99.97%
  15  hCoV-19/Australia/VIC77/2020|EPI_ISL_419789|2020-03-14                0.68%    passed    100.00%
  16  hCoV-19/USA/SC-DHEC-0001/2020|EPI_ISL_491097|2020-03-06               0.87%    passed    100.00%
  17  hCoV-19/USA/SC-DHEC-0003/2020|EPI_ISL_491098|2020-03-07               1.55%    passed     99.95%
  18  hCoV-19/USA/SC-DHEC-0008/2020|EPI_ISL_491099|2020-03-10               0.68%    passed    100.00%
  19  hCoV-19/USA/UT-QDX-1936/2020|EPI_ISL_604286|2020-03-12                0.68%    passed    100.00%
  20  hCoV-19/USA/UT-QDX-1964/2020|EPI_ISL_604290|2020-03-12                0.68%    passed    100.00%
  21  hCoV-19/USA/FL-BPHL-2100/2020|EPI_ISL_653253|2020-03-05               0.68%    passed    100.00%
  22  hCoV-19/USA/GA-CDC-8427/2020|EPI_ISL_594456|2020-03-06                1.15%    passed     99.77%
  23  hCoV-19/Australia/VIC51/2020|EPI_ISL_419826|2020-03-12                0.68%    passed    100.00%
  24  hCoV-19/Canada/ON_MU-S7/2020|EPI_ISL_463993|2020-03-13                0.68%    passed    100.00%
  25  hCoV-19/USA/UN-UW-527/2020|EPI_ISL_576492|2020-03-11                  0.68%    passed    100.00%
  26  hCoV-19/USA/UT-QDX-1847/2020|EPI_ISL_604163|2020-03-14                0.68%    passed    100.00%
  27  hCoV-19/USA/GA-QDX-1938/2020|EPI_ISL_604222|2020-03-13                1.48%    passed     99.80%
  28  hCoV-19/USA/PA-QDX-1888/2020|EPI_ISL_604279|2020-03-12                0.68%    passed    100.00%
  29  hCoV-19/Australia/WA302/2020|EPI_ISL_596845|2020-03-12                1.66%    passed     98.05%
  30  hCoV-19/USA/UT-QDX-1825/2020|EPI_ISL_604144|2020-03-14                0.68%    passed    100.00%
  31  hCoV-19/USA/UT-QDX-1833/2020|EPI_ISL_604151|2020-03-14                0.68%    passed    100.00%
  32  hCoV-19/Hong_Kong/VM20001061-2/2020|EPI_ISL_412028|2020-01-22         0.68%    passed    100.00%
  33  hCoV-19/USA/MD-HP00113/2020|EPI_ISL_457768|2020-03-14                 0.69%    passed    100.00%
  34  hCoV-19/USA/MN-UW-628/2020|EPI_ISL_476909|2020-03-11                  1.54%    passed     99.04%
  35  hCoV-19/Canada/QC-LSPQ-L00219020/2020|EPI_ISL_535786|2020-03-14       0.69%    passed    100.00%
  36  hCoV-19/USA/CA-QDX-111/2020|EPI_ISL_468563|2020-03-13                 0.68%    passed    100.00%
  37  hCoV-19/USA/GA-QDX-115/2020|EPI_ISL_467845|2020-03-13                 0.68%    passed    100.00%
  38  hCoV-19/USA/GA-QDX-116/2020|EPI_ISL_467846|2020-03-13                 0.68%    passed    100.00%
  39  hCoV-19/USA/GA-QDX-122/2020|EPI_ISL_467847|2020-03-13                 0.68%    passed    100.00%
  40  hCoV-19/USA/GA-QDX-152/2020|EPI_ISL_467848|2020-03-13                 0.68%    passed    100.00%
  41  hCoV-19/USA/GA-QDX-53/2020|EPI_ISL_467849|2020-03-13                  0.68%    passed    100.00%
  42  hCoV-19/USA/MA-QDX-150/2020|EPI_ISL_467855|2020-03-14                 1.45%    passed     99.35%
  43  hCoV-19/USA/MA-QDX-61/2020|EPI_ISL_467862|2020-03-14                  0.68%    passed    100.00%
  44  hCoV-19/USA/GA-QDX-2442/2020|EPI_ISL_604777|2020-03-13                0.68%    passed    100.00%
  45  hCoV-19/USA/GA-QDX-2443/2020|EPI_ISL_604778|2020-03-13                0.68%    passed    100.00%
  46  hCoV-19/USA/GA-QDX-2461/2020|EPI_ISL_604779|2020-03-14                0.68%    passed    100.00%
  47  hCoV-19/USA/GA-QDX-2553/2020|EPI_ISL_604781|2020-03-14                0.69%    passed    100.00%
  48  hCoV-19/Shanghai/SH0029/2020|EPI_ISL_416338|2020-02-01                0.68%    passed    100.00%
  49  hCoV-19/USA/SC_3569/2020|EPI_ISL_424841|2020-03-06                    0.68%    passed    100.00%
  50  hCoV-19/USA/SC_3575/2020|EPI_ISL_424842|2020-03-07                    0.68%    passed    100.00%
  51  hCoV-19/USA/FL_9655/2020|EPI_ISL_424854|2020-03-05                    0.68%    passed    100.00%
  52  hCoV-19/USA/UT-QDX-119/2020|EPI_ISL_467910|2020-03-13                 0.68%    passed    100.00%
  53  hCoV-19/USA/UT-QDX-49/2020|EPI_ISL_467919|2020-03-13                  0.68%    passed    100.00%
  54  hCoV-19/USA/UT-QDX-2264/2020|EPI_ISL_604603|2020-03-12                0.68%    passed    100.00%
  55  hCoV-19/USA/UT-QDX-2307/2020|EPI_ISL_604618|2020-03-13                0.68%    passed    100.00%
  56  hCoV-19/Shanghai/SH0032/2020|EPI_ISL_416341|2020-02-01                0.68%    passed    100.00%
  57  hCoV-19/Shanghai/SH0079/2020|EPI_ISL_416381|2020-02-01                0.68%    passed    100.00%
  58  hCoV-19/USA/MA-MGH-00004/2020|EPI_ISL_460467|2020-03-11               0.68%    passed    100.00%
  59  hCoV-19/USA/UT-QDX-57/2020|EPI_ISL_467920|2020-03-12                  0.68%    passed    100.00%
  60  hCoV-19/USA/UT-QDX-63/2020|EPI_ISL_467921|2020-03-13                  0.68%    passed    100.00%
  61  hCoV-19/USA/GA-QDX-2196/2020|EPI_ISL_604527|2020-03-13                0.68%    passed    100.00%
  62  hCoV-19/USA/GA-QDX-2259/2020|EPI_ISL_604531|2020-03-13                0.68%    passed    100.00%
  63  hCoV-19/USA/MI-QDX-2199/2020|EPI_ISL_604537|2020-03-13                0.68%    passed    100.00%
  64  hCoV-19/USA/MN-QDX-2258/2020|EPI_ISL_604551|2020-03-14                0.68%    passed    100.00%
  65  hCoV-19/USA/MN-QDX-2265/2020|EPI_ISL_604552|2020-03-13                0.68%    passed    100.00%
  66  hCoV-19/USA/NJ-QDX-2250/2020|EPI_ISL_604557|2020-03-14                0.68%    passed    100.00%
  67  hCoV-19/USA/MDH-8144/2020|EPI_ISL_454431|2020-03-13                   1.55%    passed     99.87%
  68  hCoV-19/USA/UT-QDX-2189/2020|EPI_ISL_604578|2020-03-12                0.68%    passed    100.00%
  69  hCoV-19/USA/GA-QDX-2115/2020|EPI_ISL_604449|2020-03-14                0.68%    passed    100.00%
  70  hCoV-19/USA/GA-QDX-2150/2020|EPI_ISL_604450|2020-03-14                0.68%    passed    100.00%
  71  hCoV-19/USA/GA-QDX-2158/2020|EPI_ISL_604451|2020-03-14                1.44%    passed     99.77%
  72  hCoV-19/USA/LA-QDX-2108/2020|EPI_ISL_604454|2020-03-14                0.68%    passed    100.00%
  73  hCoV-19/Wuhan/HB-WH5-231/2020|EPI_ISL_454974|2020-02-17               0.68%    passed     99.99%
  74  hCoV-19/Wuhan/HB-WH6-246/2020|EPI_ISL_454983|2020-03-12               0.68%    passed    100.00%
  75  hCoV-19/South_Korea/KCDC2047/2020|EPI_ISL_471453|2020-02-20           0.68%    passed    100.00%
  76  hCoV-19/USA/NY-Wadsworth-14380-01/2020|EPI_ISL_676734|2020-03-13      0.68%    passed    100.00%
  77  hCoV-19/South_Korea/KCDC2012/2020|EPI_ISL_426182|2020-02-09           0.68%    passed    100.00%
  78  hCoV-19/South_Korea/KCDC2013/2020|EPI_ISL_426183|2020-02-23           0.68%    passed    100.00%
  79  hCoV-19/South_Korea/KCDC2014/2020|EPI_ISL_426187|2020-02-12           0.68%    passed    100.00%
  80  hCoV-19/USA/TX-DSHS-0200/2020|EPI_ISL_525763|2020-03-11               1.60%    passed     99.97%
  81  hCoV-19/Hong_Kong/HKU-001a/2020|EPI_ISL_434571|2020-01-22             0.68%    passed    100.00%
  82  hCoV-19/USA/NY-Wadsworth-14419-01/2020|EPI_ISL_525611|2020-03-09      0.68%    passed    100.00%
  83  hCoV-19/Peru/LIM-INS-325/2020|EPI_ISL_1111223|2020-03-12              0.68%    passed    100.00%
  84  hCoV-19/USA/SC_3520/2020|EPI_ISL_424902|2020-03-05                    0.68%    passed    100.00%
  85  hCoV-19/USA/SC_3570/2020|EPI_ISL_424903|2020-03-07                    0.68%    passed    100.00%
  86  hCoV-19/USA/SC_3571/2020|EPI_ISL_424904|2020-03-07                    0.68%    passed    100.00%
  87  hCoV-19/Guangdong/20SF115/2020|EPI_ISL_428443|2020-01-21              0.73%    passed     99.99%
  88  hCoV-19/Guangdong/20SF254/2020|EPI_ISL_428457|2020-01-23              1.65%    passed     99.87%
  89  hCoV-19/USA/TX-CDC-8001/2020|EPI_ISL_452115|2020-03-11                0.68%    passed    100.00%
  90  hCoV-19/USA/IN-CDC-2013/2020|EPI_ISL_452131|2020-03-09                0.69%    passed    100.00%
  91  hCoV-19/USA/SC-DHEC-0014/2020|EPI_ISL_529171|2020-03-14               0.68%    passed    100.00%
  92  hCoV-19/USA/UT-QDX-2607/2020|EPI_ISL_604969|2020-03-13                0.68%    passed    100.00%
  93  hCoV-19/Shanghai/SH0128/2020|EPI_ISL_416409|2020-02-02                0.71%    passed     99.99%
  94  hCoV-19/Vietnam/38142/2020|EPI_ISL_416427|2020-01-24                  0.68%    passed    100.00%
  95  hCoV-19/Vietnam/CM99/2020|EPI_ISL_416429|2020-02-11                   0.68%    passed    100.00%
  96  hCoV-19/USA/FL-CDC-2718/2020|EPI_ISL_452111|2020-03-09                0.69%    passed    100.00%
  97  hCoV-19/USA/VA-DCLS-0544/2020|EPI_ISL_485845|2020-03-11               0.68%    passed    100.00%
  98  hCoV-19/USA/GA_1847/2020|EPI_ISL_424859|2020-03-05                    0.68%    passed    100.00%
  99  hCoV-19/USA/GA_2118/2020|EPI_ISL_424861|2020-03-08                    0.68%    passed    100.00%
 100  hCoV-19/USA/GA_2343/2020|EPI_ISL_424864|2020-03-10                    0.68%    passed    100.00%
 101  hCoV-19/USA/SC_6370/2020|EPI_ISL_424888|2020-03-08                    0.69%    passed    100.00%
 102  hCoV-19/USA/UT-QDX-2491/2020|EPI_ISL_604853|2020-03-12                0.71%    passed    100.00%
 103  hCoV-19/USA/GA-QDX-2571/2020|EPI_ISL_604931|2020-03-14                0.68%    passed    100.00%
 104  hCoV-19/South_Korea/KCDC2065/2020|EPI_ISL_497966|2020-02-09           0.68%    passed    100.00%
 105  hCoV-19/USA/UT-QDX-2550/2020|EPI_ISL_604865|2020-03-13                0.68%    passed    100.00%
 106  hCoV-19/USA/CT-UW260/2020|EPI_ISL_418045|2020-03-14                   0.68%    passed    100.00%
 107  hCoV-19/USA/NY-PV09438/2020|EPI_ISL_450115|2020-03-10                 1.38%    passed     99.77%
 108  hCoV-19/USA/GA_2070/2020|EPI_ISL_426417|2020-03-07                    0.68%    passed    100.00%
 109  hCoV-19/USA/MN-QDX-2727/2020|EPI_ISL_605033|2020-03-14                0.68%    passed    100.00%
 110  hCoV-19/Sichuan/IVDC-SC-001/2020|EPI_ISL_408484|2020-01-15            0.68%    passed    100.00%
 111  hCoV-19/Beijing/IVDC-BJ-005/2020|EPI_ISL_408485|2020-01-18            0.70%    passed     99.95%
 112  hCoV-19/USA/MD-HP00076/2020|EPI_ISL_438234|2020-03-11                 0.70%    passed     99.99%
 113  hCoV-19/USA/MS-CDC-6568/2020|EPI_ISL_648020|2020-03-11                0.68%    passed    100.00%
 114  hCoV-19/USA/MS-CDC-6566/2020|EPI_ISL_648018|2020-03-01                0.68%    passed    100.00%
 115  hCoV-19/Australia/VIC108/2020|EPI_ISL_419714|2020-03-18               0.68%    passed    100.00%
 116  hCoV-19/Australia/VIC117/2020|EPI_ISL_419727|2020-03-19               0.68%    passed    100.00%
 117  hCoV-19/Australia/VIC85/2020|EPI_ISL_419795|2020-03-15                0.68%    passed    100.00%
 118  hCoV-19/Australia/VIC86/2020|EPI_ISL_419796|2020-03-15                0.68%    passed    100.00%
 119  hCoV-19/USA/WA-S278/2020|EPI_ISL_430132|2020-03-17                    0.68%    passed    100.00%
 120  hCoV-19/USA/MN-QDX-1007/2020|EPI_ISL_571733|2020-03-16                0.68%    passed    100.00%
 121  hCoV-19/USA/CA-QDX-2007/2020|EPI_ISL_604304|2020-03-18                0.68%    passed    100.00%
 122  hCoV-19/USA/CA-QDX-2012/2020|EPI_ISL_604306|2020-03-18                0.88%    passed     99.99%
 123  hCoV-19/USA/CA-QDX-2022/2020|EPI_ISL_604310|2020-03-19                0.68%    passed    100.00%
 124  hCoV-19/USA/CA-QDX-2039/2020|EPI_ISL_604319|2020-03-18                0.68%    passed    100.00%
 125  hCoV-19/USA/NY-QDX-2008/2020|EPI_ISL_604361|2020-03-17                1.62%    passed     99.33%
 126  hCoV-19/USA/TX-QDX-2025/2020|EPI_ISL_604376|2020-03-17                0.76%    passed     99.98%
 127  hCoV-19/USA/CA-QDX-2077/2020|EPI_ISL_604395|2020-03-19                0.68%    passed    100.00%
 128  hCoV-19/USA/FL-TGH-0043/2020|EPI_ISL_1379452|2020-03-19               0.68%    passed    100.00%
 129  hCoV-19/USA/WI-UW-405/2020|EPI_ISL_480387|2020-03-18                  0.68%    passed    100.00%
 130  hCoV-19/USA/GA-UW-MAYO63/2020|EPI_ISL_501074|2020-03-20               0.80%    passed     99.99%
 131  hCoV-19/USA/CA-QDX-1043/2020|EPI_ISL_571708|2020-03-17                0.68%    passed    100.00%
 132  hCoV-19/USA/FL-QDX-2018/2020|EPI_ISL_604326|2020-03-16                0.68%    passed    100.00%
 133  hCoV-19/USA/LA-QDX-1992/2020|EPI_ISL_604335|2020-03-16                0.84%    passed     99.95%
 134  hCoV-19/USA/MO-MSPHL-000010/2020|EPI_ISL_1362561|2020-03-18           0.68%    passed    100.00%
 135  hCoV-19/Australia/VIC150/2020|EPI_ISL_419847|2020-03-17               0.69%    passed    100.00%
 136  hCoV-19/USA/MN-MDH-91/2020|EPI_ISL_460072|2020-03-15                  0.68%    passed    100.00%
 137  hCoV-19/USA/LA-QDX-879/2020|EPI_ISL_571604|2020-03-15                 0.68%    passed    100.00%
 138  hCoV-19/USA/MI-QDX-888/2020|EPI_ISL_571609|2020-03-18                 1.35%    passed     99.96%
 139  hCoV-19/USA/OH-QDX-906/2020|EPI_ISL_571685|2020-03-20                 1.65%    passed     99.93%
 140  hCoV-19/USA/CA-QDX-1975/2020|EPI_ISL_604217|2020-03-15                0.68%    passed    100.00%
 141  hCoV-19/USA/NY-QDX-1941/2020|EPI_ISL_604263|2020-03-16                0.68%    passed    100.00%
 142  hCoV-19/USA/NY-NYCPHL-000282/2020|EPI_ISL_631808|2020-03-20           0.68%    passed    100.00%
 143  hCoV-19/USA/NY-NYCPHL-000290/2020|EPI_ISL_631816|2020-03-20           0.68%    passed    100.00%
 144  hCoV-19/Australia/VIC100/2020|EPI_ISL_419812|2020-03-16               0.68%    passed    100.00%
 145  hCoV-19/Australia/VIC103/2020|EPI_ISL_419814|2020-03-17               0.68%    passed    100.00%
 146  hCoV-19/Australia/VIC112/2020|EPI_ISL_419821|2020-03-18               0.68%    passed    100.00%
 147  hCoV-19/Scotland/CVR113/2020|EPI_ISL_425658|2020-03-15                0.68%    passed    100.00%
 148  hCoV-19/USA/IL-NM020/2020|EPI_ISL_444530|2020-03-16                   1.41%    passed     99.98%
 149  hCoV-19/USA/IL-NM066/2020|EPI_ISL_444561|2020-03-18                   1.41%    passed     99.99%
 150  hCoV-19/USA/IL-NM067/2020|EPI_ISL_444562|2020-03-18                   1.87%    passed     99.74%
 151  hCoV-19/USA/IL-NM069/2020|EPI_ISL_444564|2020-03-18                   1.41%    passed     99.98%
 152  hCoV-19/USA/IL-NM071/2020|EPI_ISL_444566|2020-03-18                   0.68%    passed    100.00%
 153  hCoV-19/USA/IL-NM072/2020|EPI_ISL_444567|2020-03-18                   0.68%    passed    100.00%
 154  hCoV-19/USA/IL-NM074/2020|EPI_ISL_444569|2020-03-16                   0.68%    passed    100.00%
 155  hCoV-19/USA/IL-NM081/2020|EPI_ISL_444572|2020-03-19                   1.41%    passed     99.98%
 156  hCoV-19/USA/IL-NM082/2020|EPI_ISL_444573|2020-03-19                   0.68%    passed    100.00%
 157  hCoV-19/USA/IL-NM087/2020|EPI_ISL_444577|2020-03-19                   0.68%    passed    100.00%
 158  hCoV-19/USA/MD-HP00065/2020|EPI_ISL_457807|2020-03-15                 0.69%    passed    100.00%
 159  hCoV-19/USA/MD-HP00120/2020|EPI_ISL_457813|2020-03-19                 0.69%    passed    100.00%
 160  hCoV-19/Guatemala/CDC-1234/2020|EPI_ISL_509701|2020-03-19             0.68%    passed    100.00%
 161  hCoV-19/USA/HI-QDX-759/2020|EPI_ISL_571528|2020-03-18                 0.68%    passed    100.00%
 162  hCoV-19/USA/MN-QDX-756/2020|EPI_ISL_571548|2020-03-17                 0.68%    passed    100.00%
 163  hCoV-19/USA/IL-NM053/2020|EPI_ISL_444549|2020-03-15                   1.41%    passed     99.99%
 164  hCoV-19/USA/IL-NM059/2020|EPI_ISL_444555|2020-03-18                   1.14%    passed     99.71%
 165  hCoV-19/USA/TX-QDX-1764/2020|EPI_ISL_604093|2020-03-19                0.68%    passed    100.00%
 166  hCoV-19/Australia/VIC330/2020|EPI_ISL_426640|2020-03-18               0.70%    passed    100.00%
 167  hCoV-19/Australia/VIC350/2020|EPI_ISL_426658|2020-03-20               0.68%    passed    100.00%
 168  hCoV-19/USA/MD-HP00031/2020|EPI_ISL_457789|2020-03-16                 0.69%    passed    100.00%
 169  hCoV-19/USA/MI-QDX-1757/2020|EPI_ISL_604053|2020-03-18                0.68%    passed    100.00%
 170  hCoV-19/USA/MI-QDX-1769/2020|EPI_ISL_604056|2020-03-17                0.68%    passed    100.00%
 171  hCoV-19/Australia/SAP453/2020|EPI_ISL_508143|2020-03-15               1.62%    passed     99.96%
 172  hCoV-19/Australia/NSW2063/2020|EPI_ISL_509496|2020-03-19              0.68%    passed    100.00%
 173  hCoV-19/USA/CA-QDX-698/2020|EPI_ISL_571417|2020-03-20                 0.68%    passed    100.00%
 174  hCoV-19/USA/CA-QDX-704/2020|EPI_ISL_571421|2020-03-20                 0.68%    passed    100.00%
 175  hCoV-19/USA/CA-QDX-705/2020|EPI_ISL_571422|2020-03-19                 1.61%    passed     99.95%
 176  hCoV-19/USA/IL-QDX-685/2020|EPI_ISL_571434|2020-03-18                 0.68%    passed    100.00%
 177  hCoV-19/USA/AZ-QDX-1729/2020|EPI_ISL_604015|2020-03-17                0.68%    passed    100.00%
 178  hCoV-19/USA/GA-QDX-1717/2020|EPI_ISL_604024|2020-03-16                0.68%    passed    100.00%
 179  hCoV-19/USA/GA-QDX-1742/2020|EPI_ISL_604025|2020-03-16                0.68%    passed    100.00%
 180  hCoV-19/USA/GA-QDX-1771/2020|EPI_ISL_604027|2020-03-16                0.68%    passed    100.00%
 181  hCoV-19/USA/WI-UW-166/2020|EPI_ISL_428262|2020-03-17                  0.68%    passed    100.00%
 182  hCoV-19/USA/IL-NM097/2020|EPI_ISL_444585|2020-03-15                   1.52%    passed     99.28%
 183  hCoV-19/USA/IL-NM0109/2020|EPI_ISL_444594|2020-03-20                  0.68%    passed    100.00%
 184  hCoV-19/USA/IL-NM0112/2020|EPI_ISL_444596|2020-03-20                  0.68%    passed    100.00%
 185  hCoV-19/USA/IL-NM0113/2020|EPI_ISL_444597|2020-03-19                  1.52%    passed     99.39%
 186  hCoV-19/USA/MI-QDX-58/2020|EPI_ISL_467871|2020-03-15                  0.68%    passed    100.00%
 187  hCoV-19/USA/NY-MSK-9A/2020|EPI_ISL_583461|2020-03-15                  0.75%    passed    100.00%
 188  hCoV-19/USA/NY-MSK-9B/2020|EPI_ISL_583462|2020-03-19                  0.76%    passed     99.99%
 189  hCoV-19/USA/NY-MSK-9Ai/2020|EPI_ISL_583463|2020-03-15                 0.76%    passed     99.99%
 190  hCoV-19/USA/NY-MSK-9Bi/2020|EPI_ISL_583464|2020-03-19                 0.68%    passed    100.00%
 191  hCoV-19/USA/FL-QDX-2510/2020|EPI_ISL_604775|2020-03-17                0.68%    passed    100.00%
 192  hCoV-19/USA/FL-QDX-2513/2020|EPI_ISL_604776|2020-03-16                0.68%    passed    100.00%
 193  hCoV-19/USA/WA-UW301/2020|EPI_ISL_418869|2020-03-16                   0.82%    passed     99.98%
 194  hCoV-19/USA/WA-UW330/2020|EPI_ISL_418897|2020-03-16                   0.68%    passed    100.00%
 195  hCoV-19/USA/NY-QDX-19/2020|EPI_ISL_467897|2020-03-16                  0.68%    passed    100.00%
 196  hCoV-19/USA/ME-HETL-J0030/2020|EPI_ISL_513442|2020-03-16              0.68%    passed    100.00%
 197  hCoV-19/USA/ME-HETL-J0051/2020|EPI_ISL_513462|2020-03-19              0.79%    passed     99.99%
 198  hCoV-19/USA/CA-QDX-148/2020|EPI_ISL_467814|2020-03-16                 0.68%    passed    100.00%
 199  hCoV-19/USA/MI-MDHHS-SC20139/2020|EPI_ISL_436820|2020-03-17           0.91%    passed     99.97%
 200  hCoV-19/USA/MN-MDH-1418/2020|EPI_ISL_514637|2020-03-16                0.68%    passed    100.00%
 201  hCoV-19/USA/MN-MDH-1420/2020|EPI_ISL_514639|2020-03-19                0.68%    passed    100.00%
 202  hCoV-19/USA/GA-QDX-2367/2020|EPI_ISL_604692|2020-03-16                0.68%    passed    100.00%
 203  hCoV-19/USA/GA-QDX-2388/2020|EPI_ISL_604694|2020-03-16                0.68%    passed    100.00%
 204  hCoV-19/USA/GA-QDX-2420/2020|EPI_ISL_604695|2020-03-16                0.68%    passed    100.00%
 205  hCoV-19/USA/GA-QDX-2425/2020|EPI_ISL_604697|2020-03-16                0.68%    passed    100.00%
 206  hCoV-19/USA/GA-QDX-2219/2020|EPI_ISL_604529|2020-03-15                0.68%    passed    100.00%
 207  hCoV-19/Australia/VIC209/2020|EPI_ISL_419904|2020-03-20               0.71%    passed    100.00%
 208  hCoV-19/USA/MI-MDHHS-SC20202/2020|EPI_ISL_447173|2020-03-19           0.68%    passed    100.00%
 209  hCoV-19/USA/TX-QDX-1096/2020|EPI_ISL_571902|2020-03-20                0.68%    passed     99.99%
 210  hCoV-19/USA/TX-QDX-1097/2020|EPI_ISL_571903|2020-03-20                0.68%    passed    100.00%
 211  hCoV-19/USA/LA-QDX-1193/2020|EPI_ISL_571939|2020-03-16                0.68%    passed    100.00%
 212  hCoV-19/USA/MI-QDX-1306/2020|EPI_ISL_571961|2020-03-17                0.68%    passed    100.00%
 213  hCoV-19/USA/AZ-TG271575/2020|EPI_ISL_694052|2020-03-17                0.81%    passed     99.99%
 214  hCoV-19/Australia/VIC215/2020|EPI_ISL_419910|2020-03-20               0.68%    passed    100.00%
 215  hCoV-19/Scotland/CVR205/2020|EPI_ISL_425735|2020-03-19                0.68%    passed    100.00%
 216  hCoV-19/USA/FL-BPHL-0584/2020|EPI_ISL_508788|2020-03-20               0.68%    passed    100.00%
 217  hCoV-19/USA/WA-UW-1255/2020|EPI_ISL_570547|2020-03-16                 0.68%    passed    100.00%
 218  hCoV-19/USA/CA-QDX-2134/2020|EPI_ISL_604423|2020-03-18                1.56%    passed     99.36%
 219  hCoV-19/USA/TX-QDX-2122/2020|EPI_ISL_604486|2020-03-20                0.68%    passed    100.00%
 220  hCoV-19/USA/CA-QDX-2185/2020|EPI_ISL_604446|2020-03-18                0.68%    passed    100.00%
 221  hCoV-19/USA/LA-QDX-2131/2020|EPI_ISL_604455|2020-03-18                0.68%    passed    100.00%
 222  hCoV-19/USA/GA-UW-MAYO61/2020|EPI_ISL_500513|2020-03-17               0.68%    passed    100.00%
 223  hCoV-19/USA/IL-UW-MAYO6/2020|EPI_ISL_500535|2020-03-20                1.40%    passed     99.68%
 224  hCoV-19/USA/AZ-QDX-1568/2020|EPI_ISL_603872|2020-03-17                0.68%    passed    100.00%
 225  hCoV-19/USA/MI-MDHHS-SC20451/2020|EPI_ISL_452325|2020-03-19           0.68%    passed    100.00%
 226  hCoV-19/USA/CA-QDX-1576/2020|EPI_ISL_603890|2020-03-18                0.68%    passed    100.00%
 227  hCoV-19/USA/MA-QDX-1456/2020|EPI_ISL_603823|2020-03-16                0.68%    passed    100.00%
 228  hCoV-19/USA/UT-QDX-1462/2020|EPI_ISL_603847|2020-03-16                0.68%    passed    100.00%
 229  hCoV-19/USA/UT-QDX-1466/2020|EPI_ISL_603851|2020-03-15                0.71%    passed    100.00%
 230  hCoV-19/USA/CA-QDX-1520/2020|EPI_ISL_603773|2020-03-17                0.78%    passed     99.99%
 231  hCoV-19/USA/CA-QDX-1528/2020|EPI_ISL_603781|2020-03-17                0.68%    passed    100.00%
 232  hCoV-19/Australia/QLD1203/2020|EPI_ISL_639794|2020-03-16              0.68%    passed    100.00%
 233  hCoV-19/USA/NY-Wadsworth-18124-01/2020|EPI_ISL_676743|2020-03-16      0.68%    passed    100.00%
 234  hCoV-19/Scotland/CVR261/2020|EPI_ISL_433277|2020-03-20                0.68%    passed    100.00%
 235  hCoV-19/USA/VI-CDC-3638/2020|EPI_ISL_464167|2020-03-19                0.68%    passed    100.00%
 236  hCoV-19/USA/SC-DHEC-0031/2020|EPI_ISL_529173|2020-03-20               1.65%    passed     99.59%
 237  hCoV-19/USA/SC-DHEC-0032/2020|EPI_ISL_529174|2020-03-20               0.88%    passed    100.00%
 238  hCoV-19/USA/MN-QDX-1342/2020|EPI_ISL_572131|2020-03-15                1.05%    passed     99.99%
 239  hCoV-19/USA/MN-QDX-1386/2020|EPI_ISL_572175|2020-03-16                0.68%    passed    100.00%
 240  hCoV-19/Australia/NSW1027/2020|EPI_ISL_593756|2020-03-15              1.67%    passed     98.57%
 241  hCoV-19/USA/CA-QDX-2691/2020|EPI_ISL_604998|2020-03-16                0.68%    passed    100.00%
 242  hCoV-19/USA/NY-Wadsworth-21493-01/2020|EPI_ISL_525621|2020-03-18      0.68%    passed    100.00%
 243  hCoV-19/USA/TX-QDX-1198/2020|EPI_ISL_572036|2020-03-16                0.68%    passed    100.00%
 244  hCoV-19/USA/TX-QDX-1201/2020|EPI_ISL_572038|2020-03-16                0.68%    passed    100.00%
 245  hCoV-19/USA/CA-QDX-1434/2020|EPI_ISL_572086|2020-03-18                0.68%    passed    100.00%
 246  hCoV-19/USA/IL-NM-0052/2020|EPI_ISL_626360|2020-03-15                 1.20%    passed     99.36%
 247  hCoV-19/USA/NY-QDX-1257/2020|EPI_ISL_572021|2020-03-16                0.68%    passed    100.00%
 248  hCoV-19/USA/CA-QDX-2586/2020|EPI_ISL_604881|2020-03-16                0.68%    passed    100.00%
 249  hCoV-19/USA/CA-QDX-2647/2020|EPI_ISL_604909|2020-03-16                0.68%    passed    100.00%
 250  hCoV-19/USA/NY-NYCPHL-000738/2020|EPI_ISL_632119|2020-03-18           0.68%    passed    100.00%
 251  hCoV-19/New_Zealand/20VR0275/2020|EPI_ISL_416538|2020-03-15           0.68%    passed    100.00%
 252  hCoV-19/USA/DE-DHSS-F918613/2020|EPI_ISL_574599|2020-03-20            1.16%    passed     99.99%
 253  hCoV-19/USA/MI-MDHHS-SC20050/2020|EPI_ISL_437137|2020-03-19           1.60%    passed     99.97%
 254  hCoV-19/USA/MI-MDHHS-SC20052/2020|EPI_ISL_437139|2020-03-20           1.11%    passed     99.99%
 255  hCoV-19/Australia/NSW213/2020|EPI_ISL_427726|2020-03-17               1.67%    passed     98.33%
 256  hCoV-19/Australia/NSW214/2020|EPI_ISL_427727|2020-03-17               1.67%    passed     98.54%
 257  hCoV-19/Australia/NSW215/2020|EPI_ISL_427730|2020-03-17               1.67%    passed     98.54%
 258  hCoV-19/Australia/NSW216/2020|EPI_ISL_427732|2020-03-17               1.67%    passed     98.41%
 259  hCoV-19/USA/NY-PV09466/2020|EPI_ISL_450139|2020-03-19                 0.76%    passed     99.99%
 260  hCoV-19/USA/NY-NYUMC754/2020|EPI_ISL_451468|2020-03-20                0.68%    passed    100.00%
 261  hCoV-19/New_Zealand/20VR1275/2020|EPI_ISL_456200|2020-03-20           0.69%    passed    100.00%
 262  hCoV-19/USA/MI-QDX-593/2020|EPI_ISL_571331|2020-03-19                 0.68%    passed    100.00%
 263  hCoV-19/USA/MI-QDX-601/2020|EPI_ISL_571336|2020-03-19                 0.68%    passed    100.00%
 264  hCoV-19/USA/MI-QDX-636/2020|EPI_ISL_571361|2020-03-17                 0.68%    passed    100.00%
 265  hCoV-19/Australia/VIC182/2020|EPI_ISL_450212|2020-03-19               1.53%    passed     99.98%
 266  hCoV-19/Australia/VIC349/2020|EPI_ISL_450213|2020-03-20               1.01%    passed    100.00%
 267  hCoV-19/USA/MD-HP00086/2020|EPI_ISL_457756|2020-03-20                 1.42%    passed     99.95%
 268  hCoV-19/USA/AZ-TG268282/2020|EPI_ISL_426504|2020-03-17                0.68%    passed    100.00%
 269  hCoV-19/USA/GA-QDX-579/2020|EPI_ISL_571290|2020-03-16                 0.68%    passed    100.00%
 270  hCoV-19/USA/GA-QDX-580/2020|EPI_ISL_571291|2020-03-18                 0.68%    passed    100.00%
 271  hCoV-19/USA/GA-QDX-582/2020|EPI_ISL_571293|2020-03-17                 0.68%    passed    100.00%
 272  hCoV-19/USA/NY-QDX-2711/2020|EPI_ISL_605047|2020-03-15                0.68%    passed    100.00%
 273  hCoV-19/USA/NY-PV08490/2020|EPI_ISL_421426|2020-03-17                 0.76%    passed    100.00%
 274  hCoV-19/USA/NY-WCMP11A03P/2020|EPI_ISL_427583|2020-03-16              0.68%    passed    100.00%
 275  hCoV-19/USA/TX-HMH06/2020|EPI_ISL_434717|2020-03-16                   0.68%    passed    100.00%
 276  hCoV-19/USA/TX-HMH021/2020|EPI_ISL_434731|2020-03-17                  0.68%    passed    100.00%
 277  hCoV-19/USA/TX-HMH022/2020|EPI_ISL_434732|2020-03-17                  0.68%    passed    100.00%
 278  hCoV-19/USA/TX-HMH051/2020|EPI_ISL_434760|2020-03-17                  2.03%    passed     99.57%
 279  hCoV-19/USA/TX-HMH057/2020|EPI_ISL_434766|2020-03-17                  1.56%    passed     99.97%
 280  hCoV-19/USA/MD-HP00104/2020|EPI_ISL_438246|2020-03-18                 0.69%    passed    100.00%
 281  hCoV-19/USA/FL-USAFSAM-S009/2020|EPI_ISL_512785|2020-03-19            1.59%    passed     99.98%
 282  hCoV-19/USA/FL-QDX-574/2020|EPI_ISL_571286|2020-03-18                 0.68%    passed    100.00%
 283  hCoV-19/USA/GA-QDX-577/2020|EPI_ISL_571288|2020-03-18                 0.68%    passed    100.00%
 284  hCoV-19/USA/GA-QDX-578/2020|EPI_ISL_571289|2020-03-17                 0.68%    passed    100.00%
 285  hCoV-19/USA/GA-QDX-594/2020|EPI_ISL_571295|2020-03-18                 0.68%    passed    100.00%
 286  hCoV-19/USA/GA-QDX-597/2020|EPI_ISL_571296|2020-03-17                 0.68%    passed    100.00%
 287  hCoV-19/USA/MD-HP00030/2020|EPI_ISL_434686|2020-03-20                 0.69%    passed    100.00%
 288  hCoV-19/USA/TX-HMH0105/2020|EPI_ISL_434810|2020-03-20                 1.41%    passed     99.97%
 289  hCoV-19/USA/TX-HMH0110/2020|EPI_ISL_434812|2020-03-20                 0.68%    passed    100.00%
 290  hCoV-19/USA/TX-HMH0111/2020|EPI_ISL_434813|2020-03-20                 1.41%    passed     99.97%
 291  hCoV-19/USA/TX-HMH0125/2020|EPI_ISL_434825|2020-03-20                 0.68%    passed    100.00%
 292  hCoV-19/USA/TX-HMH0127/2020|EPI_ISL_434827|2020-03-20                 0.68%    passed     99.99%
 293  hCoV-19/Australia/SAP216/2020|EPI_ISL_468000|2020-03-15               1.27%    passed    100.00%
 294  hCoV-19/Australia/NSW2170/2020|EPI_ISL_500641|2020-03-19              0.69%    passed    100.00%
 295  hCoV-19/USA/TX-HMH096/2020|EPI_ISL_434801|2020-03-19                  0.68%    passed    100.00%
 296  hCoV-19/New_Zealand/20VR0987/2020|EPI_ISL_456172|2020-03-17           0.68%    passed    100.00%
 297  hCoV-19/USA/MN-MDH-1474/2020|EPI_ISL_518868|2020-03-18                0.68%    passed    100.00%
 298  hCoV-19/USA/MN-MDH-1481/2020|EPI_ISL_518875|2020-03-18                0.69%    passed    100.00%
 299  hCoV-19/USA/MS-CDC-6574/2020|EPI_ISL_648026|2020-03-15                0.68%    passed    100.00%
 300  hCoV-19/USA/TX-HMH068/2020|EPI_ISL_434777|2020-03-18                  2.05%    passed     99.20%
 301  hCoV-19/USA/TX-HMH079/2020|EPI_ISL_434788|2020-03-19                  0.68%    passed    100.00%
 302  hCoV-19/USA/TX-HMH092/2020|EPI_ISL_434797|2020-03-19                  0.76%    passed     99.98%
 303  hCoV-19/USA/IL-QDX-280/2020|EPI_ISL_571031|2020-03-19                 0.68%    passed    100.00%
 304  hCoV-19/USA/CA-QDX-1629/2020|EPI_ISL_603908|2020-03-18                0.68%    passed    100.00%
 305  hCoV-19/USA/CA-QDX-1675/2020|EPI_ISL_603924|2020-03-18                0.68%    passed    100.00%
 306  hCoV-19/USA/MI-QDX-1681/2020|EPI_ISL_603969|2020-03-17                0.68%    passed    100.00%
 307  hCoV-19/USA/IL-QDX-283/2020|EPI_ISL_571034|2020-03-19                 1.54%    passed     98.62%
 308  hCoV-19/USA/FL-TGH-0055/2020|EPI_ISL_1379464|2020-03-21               1.38%    passed     99.94%
 309  hCoV-19/USA/FL-TGH-0060/2020|EPI_ISL_1379469|2020-03-22               1.39%    passed     99.96%
 310  hCoV-19/USA/FL-TGH-0062/2020|EPI_ISL_1379471|2020-03-22               1.45%    passed     99.97%
 311  hCoV-19/USA/FL-TGH-0063/2020|EPI_ISL_1379472|2020-03-22               1.10%    passed     99.99%
 312  hCoV-19/USA/FL-TGH-0080/2020|EPI_ISL_1379487|2020-03-25               1.39%    passed     99.97%
 313  hCoV-19/USA/FL-TGH-0082/2020|EPI_ISL_1379489|2020-03-25               0.83%    passed    100.00%
 314  hCoV-19/USA/FL-TGH-0083/2020|EPI_ISL_1379490|2020-03-25               0.81%    passed     99.99%
 315  hCoV-19/USA/CA-QDX-2019/2020|EPI_ISL_604308|2020-03-23                0.68%    passed    100.00%
 316  hCoV-19/USA/NY-NYCPHL-000509/2020|EPI_ISL_631970|2020-03-25           0.68%    passed    100.00%
 317  hCoV-19/USA/IL-UW-MAYO2/2020|EPI_ISL_501075|2020-03-23                1.38%    passed     99.98%
 318  hCoV-19/USA/IN-Lilly-IPB0173-06bc31/2020|EPI_ISL_911470|2020-03-24    0.68%    passed    100.00%
 319  hCoV-19/USA/MN-MDH-139/2020|EPI_ISL_460052|2020-03-21                 0.71%    passed    100.00%
 320  hCoV-19/Singapore/833/2020|EPI_ISL_516805|2020-03-25                  0.68%    passed    100.00%
 321  hCoV-19/USA/MI-MDHHS-SC20469/2020|EPI_ISL_460008|2020-03-26           0.68%    passed    100.00%
 322  hCoV-19/USA/SC-DHEC-0046/2020|EPI_ISL_491101|2020-03-25               1.45%    passed     99.93%
 323  hCoV-19/USA/SC-DHEC-0048/2020|EPI_ISL_491102|2020-03-25               0.73%    passed     99.99%
 324  hCoV-19/USA/SC-DHEC-0050/2020|EPI_ISL_491103|2020-03-26               0.68%    passed    100.00%
 325  hCoV-19/USA/FL-BPHL-0676/2020|EPI_ISL_509734|2020-03-24               0.68%    passed    100.00%
 326  hCoV-19/USA/FL-BPHL-0682/2020|EPI_ISL_509740|2020-03-26               0.68%    passed    100.00%
 327  hCoV-19/USA/DE-DHSS-F917751/2020|EPI_ISL_565832|2020-03-24            0.97%    passed     99.99%
 328  hCoV-19/USA/FL-QDX-785/2020|EPI_ISL_571520|2020-03-21                 0.68%    passed    100.00%
 329  hCoV-19/USA/FL-QDX-788/2020|EPI_ISL_571523|2020-03-21                 0.68%    passed    100.00%
 330  hCoV-19/USA/MI-QDX-826/2020|EPI_ISL_571543|2020-03-22                 0.68%    passed    100.00%
 331  hCoV-19/USA/OH-ODH-SC21713/2020|EPI_ISL_935520|2020-03-21             1.15%    passed     99.94%
 332  hCoV-19/Australia/NSW374/2020|EPI_ISL_451634|2020-03-21               1.67%    passed     98.54%
 333  hCoV-19/Canada/QC-LSPQ-L00230159/2020|EPI_ISL_535911|2020-03-21       0.69%    passed    100.00%
 334  hCoV-19/USA/CA-CZB043/2020|EPI_ISL_429048|2020-03-25                  0.68%    passed    100.00%
 335  hCoV-19/USA/MD-HP00153/2020|EPI_ISL_457782|2020-03-24                 1.88%    passed     99.71%
 336  hCoV-19/USA/FL-QDX-943/2020|EPI_ISL_571598|2020-03-22                 1.57%    passed     99.84%
 337  hCoV-19/USA/IL-NM0120/2020|EPI_ISL_444603|2020-03-21                  0.68%    passed    100.00%
 338  hCoV-19/USA/IL-NM0121/2020|EPI_ISL_444604|2020-03-21                  0.68%    passed    100.00%
 339  hCoV-19/USA/DE-DHSS-F917914/2020|EPI_ISL_576227|2020-03-25            0.68%    passed    100.00%
 340  hCoV-19/USA/WI-UW-184/2020|EPI_ISL_428280|2020-03-22                  0.68%    passed    100.00%
 341  hCoV-19/USA/WI-UW-189/2020|EPI_ISL_428285|2020-03-23                  0.69%    passed    100.00%
 342  hCoV-19/USA/IN-Lilly-IPB0170-14bc04/2020|EPI_ISL_437455|2020-03-24    1.22%    passed     99.96%
 343  hCoV-19/USA/IL-NM0103/2020|EPI_ISL_444588|2020-03-21                  0.68%    passed     99.99%
 344  hCoV-19/USA/CA-QDX-797/2020|EPI_ISL_571491|2020-03-22                 0.68%    passed    100.00%
 345  hCoV-19/USA/MN-MDH-1292/2020|EPI_ISL_483012|2020-03-24                0.68%    passed    100.00%
 346  hCoV-19/Canada/Qc-LSPQ-L00236091/2020|EPI_ISL_536117|2020-03-24       1.09%    passed     99.76%
 347  hCoV-19/USA/MI-MDHHS-SC20132/2020|EPI_ISL_436833|2020-03-22           0.68%    passed    100.00%
 348  hCoV-19/Canada/QC-JUS-V5230431/2020|EPI_ISL_890488|2020-03-22         0.68%    passed    100.00%
 349  hCoV-19/USA/WI-UW-218/2020|EPI_ISL_428314|2020-03-25                  0.68%    passed    100.00%
 350  hCoV-19/USA/FL-BPHL-0597/2020|EPI_ISL_508801|2020-03-24               0.68%    passed    100.00%
 351  hCoV-19/USA/MN-MDH-1428/2020|EPI_ISL_514647|2020-03-25                0.68%    passed    100.00%
 352  hCoV-19/USA/un-UOM-20x1025/2020|EPI_ISL_884541|2020-03-24             0.68%    passed    100.00%
 353  hCoV-19/USA/un-UOM-20x1029/2020|EPI_ISL_884542|2020-03-25             0.68%    passed    100.00%
 354  hCoV-19/Scotland/CVR634/2020|EPI_ISL_425793|2020-03-25                0.68%    passed    100.00%
 355  hCoV-19/USA/MA-MGH-00145/2020|EPI_ISL_460170|2020-03-26               0.68%    passed    100.00%
 356  hCoV-19/USA/MA-MGH-00174/2020|EPI_ISL_460179|2020-03-26               0.97%    passed     99.95%
 357  hCoV-19/USA/MA-MGH-00563/2020|EPI_ISL_460186|2020-03-22               0.68%    passed    100.00%
 358  hCoV-19/Canada/QC-JUS-V5251969/2020|EPI_ISL_890588|2020-03-24         0.68%    passed    100.00%
 359  hCoV-19/USA/MA-MGH-00143/2020|EPI_ISL_460114|2020-03-26               0.68%    passed    100.00%
 360  hCoV-19/USA/FL-BPHL-0595/2020|EPI_ISL_508799|2020-03-24               0.68%    passed    100.00%
 361  hCoV-19/USA/MI-MDHHS-SC20242/2020|EPI_ISL_447212|2020-03-23           0.68%    passed    100.00%
 362  hCoV-19/USA/MA-MGH-00566/2020|EPI_ISL_460285|2020-03-22               0.68%    passed    100.00%
 363  hCoV-19/USA/MI-MDHHS-SC20231/2020|EPI_ISL_447201|2020-03-22           1.58%    passed     99.95%
 364  hCoV-19/USA/MA-MGH-00555/2020|EPI_ISL_460232|2020-03-22               0.68%    passed    100.00%
 365  hCoV-19/USA/TX-GCID-192000051B/2020|EPI_ISL_501167|2020-03-23         0.68%    passed     99.99%
 366  hCoV-19/Singapore/925/2020|EPI_ISL_538456|2020-03-25                  0.68%    passed    100.00%
 367  hCoV-19/Singapore/926/2020|EPI_ISL_538458|2020-03-26                  0.68%    passed    100.00%
 368  hCoV-19/USA/IL-NM-0333/2020|EPI_ISL_936497|2020-03-26                 0.68%    passed    100.00%
 369  hCoV-19/USA/VA_NIDDL_2702/2020|EPI_ISL_491913|2020-03-25              0.68%    passed    100.00%
 370  hCoV-19/USA/GA-UW-MAYO64/2020|EPI_ISL_500515|2020-03-22               0.68%    passed    100.00%
 371  hCoV-19/Australia/SAP154/2020|EPI_ISL_451148|2020-03-23               0.73%    passed    100.00%
 372  hCoV-19/Canada/NS-NML-930/2020|EPI_ISL_579570|2020-03-25              0.73%    passed    100.00%
 373  hCoV-19/USA/NY-Wadsworth-29118-01/2020|EPI_ISL_676762|2020-03-25      0.68%    passed    100.00%
 374  hCoV-19/USA/WI-UW-28/2020|EPI_ISL_421286|2020-03-25                   0.69%    passed    100.00%
 375  hCoV-19/USA/WI-UW-33/2020|EPI_ISL_421291|2020-03-23                   0.68%    passed    100.00%
 376  hCoV-19/USA/WA-UW-2228/2020|EPI_ISL_426119|2020-03-23                 0.68%    passed    100.00%
 377  hCoV-19/USA/WI-UW-252/2020|EPI_ISL_428726|2020-03-24                  0.68%    passed    100.00%
 378  hCoV-19/USA/WA-UW-3841/2020|EPI_ISL_427190|2020-03-26                 0.68%    passed    100.00%
 379  hCoV-19/USA/WI-WSLH-200094/2020|EPI_ISL_471258|2020-03-26             0.68%    passed    100.00%
 380  hCoV-19/USA/MI-MDHHS-SC21094/2020|EPI_ISL_507870|2020-03-26           1.38%    passed     99.96%
 381  hCoV-19/USA/NY-Wadsworth-26730-01/2020|EPI_ISL_525626|2020-03-23      0.68%    passed    100.00%
 382  hCoV-19/USA/NY-Wadsworth-28157-01/2020|EPI_ISL_525630|2020-03-24      0.68%    passed    100.00%
 383  hCoV-19/USA/DE-DHSS-F917887/2020|EPI_ISL_584013|2020-03-25            0.68%    passed    100.00%
 384  hCoV-19/USA/IL-NM-0144/2020|EPI_ISL_626368|2020-03-23                 0.69%    passed    100.00%
 385  hCoV-19/USA/IL-NM-0149/2020|EPI_ISL_626370|2020-03-23                 0.69%    passed    100.00%
 386  hCoV-19/USA/IL-NM-0184/2020|EPI_ISL_626375|2020-03-24                 0.69%    passed    100.00%
 387  hCoV-19/USA/MI-MDHHS-SC20181/2020|EPI_ISL_436865|2020-03-25           0.88%    passed     99.99%
 388  hCoV-19/USA/WI-WSLH-200048/2020|EPI_ISL_471213|2020-03-22             0.68%    passed    100.00%
 389  hCoV-19/USA/DE-DHSS-F917718/2020|EPI_ISL_561345|2020-03-23            1.55%    passed     99.97%
 390  hCoV-19/USA/DE-DHSS-F917736/2020|EPI_ISL_561346|2020-03-24            1.65%    passed     99.96%
 391  hCoV-19/USA/FL-BPHL-0487/2020|EPI_ISL_495393|2020-03-23               1.09%    passed     99.98%
 392  hCoV-19/USA/TX_GCID_192000135/2020|EPI_ISL_445084|2020-03-25          0.68%    passed    100.00%
 393  hCoV-19/USA/DE-DHSS-F917680/2020|EPI_ISL_574586|2020-03-23            1.30%    passed    100.00%
 394  hCoV-19/USA/MI-MDHHS-SC20058/2020|EPI_ISL_437145|2020-03-21           1.59%    passed     99.94%
 395  hCoV-19/USA/NY-NYUMC728/2020|EPI_ISL_451443|2020-03-26                0.86%    passed    100.00%
 396  hCoV-19/USA/DE-DHSS-F917888/2020|EPI_ISL_576160|2020-03-25            0.68%    passed    100.00%
 397  hCoV-19/USA/NY-NYCPHL-000549/2020|EPI_ISL_632009|2020-03-23           0.68%    passed    100.00%
 398  hCoV-19/USA/DE-DHSS-F917932/2020|EPI_ISL_576156|2020-03-25            0.68%    passed    100.00%
 399  hCoV-19/USA/DE-DHSS-F917986/2020|EPI_ISL_576158|2020-03-26            0.68%    passed    100.00%
 400  hCoV-19/USA/DE-DHSS-F917945/2020|EPI_ISL_576223|2020-03-25            0.68%    passed    100.00%
 401  hCoV-19/USA/DE-DHSS-F917930/2020|EPI_ISL_576224|2020-03-25            0.68%    passed    100.00%
 402  hCoV-19/USA/DE-DHSS-F917934/2020|EPI_ISL_576225|2020-03-25            0.68%    passed    100.00%
 403  hCoV-19/USA/MI-MDHHS-SC21590/2020|EPI_ISL_516317|2020-03-25           1.13%    passed     99.98%
 404  hCoV-19/USA/TX-HMH0141/2020|EPI_ISL_434840|2020-03-21                 0.68%    passed    100.00%
 405  hCoV-19/USA/TX-HMH0150/2020|EPI_ISL_434849|2020-03-22                 0.69%    passed    100.00%
 406  hCoV-19/USA/MN-MDH-1320/2020|EPI_ISL_495619|2020-03-24                0.68%    passed    100.00%
 407  hCoV-19/USA/MI-QDX-364/2020|EPI_ISL_571107|2020-03-23                 0.68%    passed    100.00%
 408  hCoV-19/USA/CA-QDX-449/2020|EPI_ISL_571171|2020-03-21                 0.68%    passed    100.00%
 409  hCoV-19/USA/TX-HMH0128/2020|EPI_ISL_434828|2020-03-21                 0.68%    passed    100.00%
 410  hCoV-19/USA/TX-HMH0129/2020|EPI_ISL_434829|2020-03-21                 0.68%    passed    100.00%
 411  hCoV-19/USA/TX-HMH0131/2020|EPI_ISL_434831|2020-03-21                 0.68%    passed    100.00%
 412  hCoV-19/USA/TX-HMH0155/2020|EPI_ISL_434854|2020-03-23                 0.69%    passed    100.00%
 413  hCoV-19/USA/TX-HMH0156/2020|EPI_ISL_434855|2020-03-23                 0.68%    passed    100.00%
 414  hCoV-19/USA/TX-HMH0192/2020|EPI_ISL_434867|2020-03-23                 0.68%    passed    100.00%
 415  hCoV-19/USA/TX-HMH0198/2020|EPI_ISL_434873|2020-03-24                 0.68%    passed    100.00%
 416  hCoV-19/USA/TX-HMH0207/2020|EPI_ISL_434882|2020-03-24                 0.68%    passed    100.00%
 417  hCoV-19/USA/TX-HMH0209/2020|EPI_ISL_434884|2020-03-24                 0.68%    passed    100.00%
 418  hCoV-19/USA/TX-HMH0212/2020|EPI_ISL_434887|2020-03-24                 0.68%    passed    100.00%
 419  hCoV-19/USA/TX-HMH0234/2020|EPI_ISL_434891|2020-03-24                 0.68%    passed    100.00%
 420  hCoV-19/USA/TX-HMH0263/2020|EPI_ISL_434892|2020-03-26                 0.68%    passed    100.00%
 421  hCoV-19/USA/TX-HMH0267/2020|EPI_ISL_434896|2020-03-26                 0.68%    passed    100.00%
 422  hCoV-19/USA/TX-HMH0268/2020|EPI_ISL_434897|2020-03-26                 0.68%    passed    100.00%
 423  hCoV-19/Australia/NSW2261/2020|EPI_ISL_500697|2020-03-22              0.69%    passed    100.00%
 424  hCoV-19/USA/MN-MDH-1466/2020|EPI_ISL_518860|2020-03-23                0.68%    passed    100.00%
 425  hCoV-19/USA/MN-MDH-1469/2020|EPI_ISL_518863|2020-03-23                0.68%    passed    100.00%
 426  hCoV-19/USA/MN-MDH-1477/2020|EPI_ISL_518871|2020-03-24                0.68%    passed    100.00%
 427  hCoV-19/USA/MI-QDX-312/2020|EPI_ISL_571056|2020-03-22                 0.68%    passed    100.00%
 428  hCoV-19/USA/MS-CDC-6576/2020|EPI_ISL_648028|2020-03-21                0.68%    passed    100.00%
 429  hCoV-19/USA/SC-USAFSAM-S101/2020|EPI_ISL_812343|2020-03-24            0.68%    passed    100.00%
 430  hCoV-19/USA/MI-QDX-296/2020|EPI_ISL_571040|2020-03-21                 0.68%    passed    100.00%
 431  hCoV-19/USA/MI-QDX-309/2020|EPI_ISL_571053|2020-03-21                 0.68%    passed    100.00%
 432  hCoV-19/Canada/QC-JUS-V5291038/2020|EPI_ISL_890798|2020-03-27         0.68%    passed    100.00%
 433  hCoV-19/USA/MO-MSPHL-000042/2020|EPI_ISL_1362593|2020-03-30           0.68%    passed    100.00%
 434  hCoV-19/USA/FL-UFL-UF2/2020|EPI_ISL_424351|2020-03-27                 0.68%    passed    100.00%
 435  hCoV-19/USA/SC-DHEC-0055/2020|EPI_ISL_491104|2020-03-27               0.68%    passed    100.00%
 436  hCoV-19/USA/FL-BPHL-0714/2020|EPI_ISL_509772|2020-03-31               0.68%    passed    100.00%
 437  hCoV-19/Canada/QC-JUS-V5290502/2020|EPI_ISL_890830|2020-03-27         0.68%    passed    100.00%
 438  hCoV-19/Singapore/232/2020|EPI_ISL_462350|2020-03-31                  0.74%    passed    100.00%
 439  hCoV-19/USA/CA-CSMC134/2020|EPI_ISL_475612|2020-03-30                 0.68%    passed     99.99%
 440  hCoV-19/USA/MD-HP00154/2020|EPI_ISL_457783|2020-03-29                 0.69%    passed    100.00%
 441  hCoV-19/Canada/QC-JUS-V6010702/2020|EPI_ISL_1241193|2020-03-28        1.49%    passed     99.91%
 442  hCoV-19/USA/NY-NYUMC565/2020|EPI_ISL_444682|2020-03-30                0.68%    passed    100.00%
 443  hCoV-19/United_Arab_Emirates/P1/2020|EPI_ISL_463740|2020-03-30        0.68%    passed    100.00%
 444  hCoV-19/USA/WI-UW-235/2020|EPI_ISL_428331|2020-03-28                  0.68%    passed    100.00%
 445  hCoV-19/USA/WI-UW-245/2020|EPI_ISL_428341|2020-03-28                  0.68%    passed    100.00%
 446  hCoV-19/USA/CA-CZB-1280/2020|EPI_ISL_454638|2020-03-31                0.84%    passed    100.00%
 447  hCoV-19/USA/MN-MDH-1436/2020|EPI_ISL_514655|2020-03-31                0.68%    passed    100.00%
 448  hCoV-19/USA/un-UOM-20x1047/2020|EPI_ISL_884549|2020-03-27             0.68%    passed    100.00%
 449  hCoV-19/USA/un-UOM-20x1052/2020|EPI_ISL_884552|2020-03-28             0.68%    passed    100.00%
 450  hCoV-19/USA/NC-UNC-LCCC0007/2020|EPI_ISL_877591|2020-03-30            0.68%    passed    100.00%
 451  hCoV-19/USA/MA-MGH-00614/2020|EPI_ISL_460205|2020-03-28               0.68%    passed    100.00%
 452  hCoV-19/USA/PA-CDC-8398/2020|EPI_ISL_450802|2020-03-31                0.68%    passed    100.00%
 453  hCoV-19/USA/PA-MGEL107/2020|EPI_ISL_454384|2020-03-31                 0.68%    passed    100.00%
 454  hCoV-19/Canada/Qc-LSPQ-L00240796/2020|EPI_ISL_465686|2020-03-27       1.26%    passed     99.99%
 455  hCoV-19/USA/VA-DCLS-0070/2020|EPI_ISL_429970|2020-03-28               0.68%    passed    100.00%
 456  hCoV-19/USA/VA-DCLS-0071/2020|EPI_ISL_429971|2020-03-30               0.68%    passed    100.00%
 457  hCoV-19/USA/MI-UM-2006S000881/2020|EPI_ISL_484731|2020-03-28          0.68%    passed    100.00%
 458  hCoV-19/USA/DE-DHSS-F918170/2020|EPI_ISL_593945|2020-03-27            0.68%    passed    100.00%
 459  hCoV-19/USA/DE-DHSS-F918443/2020|EPI_ISL_593963|2020-03-31            1.07%    passed     99.88%
 460  hCoV-19/USA/DE-DHSS-F918451/2020|EPI_ISL_593966|2020-03-31            0.68%    passed    100.00%
 461  hCoV-19/USA/FL-UF2/2020|EPI_ISL_434637|2020-03-27                     0.68%    passed    100.00%
 462  hCoV-19/USA/MI-UM-2006S000851/2020|EPI_ISL_484710|2020-03-31          0.68%    passed    100.00%
 463  hCoV-19/USA/MI-MDHHS-SC21136/2020|EPI_ISL_507912|2020-03-30           0.68%    passed    100.00%
 464  hCoV-19/USA/IL-NM-0672/2020|EPI_ISL_626464|2020-03-28                 0.69%    passed    100.00%
 465  hCoV-19/USA/IL-NM-0675/2020|EPI_ISL_626467|2020-03-27                 0.69%    passed    100.00%
 466  hCoV-19/USA/IL-NM-0676/2020|EPI_ISL_626468|2020-03-27                 0.69%    passed    100.00%
 467  hCoV-19/Scotland/CVR876/2020|EPI_ISL_439126|2020-03-27                1.67%    passed     99.94%
 468  hCoV-19/USA/SC-DHEC-0064/2020|EPI_ISL_529175|2020-03-30               0.68%    passed    100.00%
 469  hCoV-19/USA/IL-NM-0367/2020|EPI_ISL_626382|2020-03-28                 0.68%    passed    100.00%
 470  hCoV-19/USA/VA-DCLS-0591/2020|EPI_ISL_526811|2020-03-28               0.68%    passed    100.00%
 471  hCoV-19/USA/VA-DCLS-0595/2020|EPI_ISL_526815|2020-03-28               0.68%    passed    100.00%
 472  hCoV-19/Canada/Qc-LSPQ-L00243560/2020|EPI_ISL_536363|2020-03-30       0.68%    passed    100.00%
 473  hCoV-19/Canada/Qc-LSPQ-L00244008/2020|EPI_ISL_536387|2020-03-31       0.74%    passed    100.00%
 474  hCoV-19/USA/OH-OSUP0016/2020|EPI_ISL_427288|2020-03-31                0.68%    passed    100.00%
 475  hCoV-19/USA/TX-HMH0322/2020|EPI_ISL_434934|2020-03-28                 0.68%    passed    100.00%
 476  hCoV-19/USA/TX-HMH0360/2020|EPI_ISL_434953|2020-03-29                 0.68%    passed    100.00%
 477  hCoV-19/USA/TX-HMH0370/2020|EPI_ISL_434961|2020-03-27                 0.68%    passed    100.00%
 478  hCoV-19/USA/TX-HMH0375/2020|EPI_ISL_434964|2020-03-31                 0.68%    passed     99.99%
 479  hCoV-19/USA/TX-HMH0379/2020|EPI_ISL_434967|2020-03-30                 0.68%    passed    100.00%
 480  hCoV-19/USA/TX-HMH0381/2020|EPI_ISL_434969|2020-03-30                 0.68%    passed    100.00%
 481  hCoV-19/USA/TX-HMH0387/2020|EPI_ISL_434974|2020-03-29                 0.68%    passed    100.00%
 482  hCoV-19/USA/TX-HMH0279/2020|EPI_ISL_434907|2020-03-27                 0.68%    passed    100.00%
 483  hCoV-19/USA/TX-HMH0290/2020|EPI_ISL_434916|2020-03-27                 0.68%    passed    100.00%
 484  hCoV-19/USA/TX-HMH0300/2020|EPI_ISL_434923|2020-03-28                 0.68%    passed    100.00%
 485  hCoV-19/USA/TX-HMH0301/2020|EPI_ISL_434924|2020-03-28                 0.68%    passed    100.00%
 486  hCoV-19/USA/TX-HMH0303/2020|EPI_ISL_434925|2020-03-28                 1.14%    passed     99.99%
 487  hCoV-19/USA/TX-HMH0391/2020|EPI_ISL_434978|2020-03-27                 0.68%    passed     99.99%
 488  hCoV-19/USA/TX-HMH0394/2020|EPI_ISL_434981|2020-03-31                 1.67%    passed     99.95%
 489  hCoV-19/USA/TX-HMH0396/2020|EPI_ISL_434983|2020-03-31                 1.65%    passed     99.88%
 490  hCoV-19/USA/TX-HMH0399/2020|EPI_ISL_434986|2020-03-31                 0.68%    passed    100.00%
 491  hCoV-19/USA/DE-DHSS-F918161/2020|EPI_ISL_576151|2020-03-27            0.68%    passed    100.00%
 492  hCoV-19/USA/TX-HMH0274/2020|EPI_ISL_434902|2020-03-27                 0.68%    passed    100.00%
 493  hCoV-19/USA/TX-HMH0276/2020|EPI_ISL_434904|2020-03-27                 0.68%    passed    100.00%
 494  hCoV-19/USA/TX-HMH0277/2020|EPI_ISL_434905|2020-03-27                 0.68%    passed    100.00%
 495  hCoV-19/Taiwan/NCKUH-013/2020|EPI_ISL_493206|2020-03-28               0.68%    passed    100.00%
 496  hCoV-19/USA/TX-HMH-1736/2020|EPI_ISL_542803|2020-03-30                0.68%    passed    100.00%
 497  hCoV-19/Canada/AB-89673/2020|EPI_ISL_806248|2020-03-28                0.68%    passed    100.00%
 498  hCoV-19/USA/AZ-TG271435/2020|EPI_ISL_426534|2020-03-27                0.80%    passed     99.97%
 499  hCoV-19/USA/MD-HP00087/2020|EPI_ISL_438241|2020-03-30                 1.42%    passed     99.99%
 500  hCoV-19/Canada/AB-76629/2020|EPI_ISL_806416|2020-03-27                0.68%    passed    100.00%
 501  hCoV-19/USA/FL-BPHL-1227/2020|EPI_ISL_541237|2020-03-30               0.68%    passed    100.00%
 502  hCoV-19/USA/TX-HMH-1213/2020|EPI_ISL_542587|2020-03-31                0.68%    passed    100.00%
 503  |GA-EHC-060H                                                          0.68%    passed    100.00%
 504  |GA-EHC-108D                                                          0.72%    passed     99.99%
 505  |GA-EHC-113J                                                          0.70%    passed    100.00%
 506  |GA-EHC-044R                                                          0.72%    passed    100.00%
 507  |GA-EHC-087I                                                          0.68%    passed    100.00%
 508  |GA-EHC-048V                                                          3.70%    passed     97.40%
 509  |GA-EHC-030D                                                          0.69%    passed    100.00%
 510  |GA-EHC-040N                                                          0.68%    passed    100.00%
 511  |GA-EHC-051Y                                                          5.21%    passed     99.78%
 512  |GA-EHC-054B                                                          0.97%    passed     99.96%
 513  |GA-EHC-097S                                                          1.12%    passed     99.79%
 514  |GA-EHC-035I                                                          1.72%    passed     99.85%
 515  |GA-EHC-053A                                                          0.81%    passed     99.97%
 516  |GA-EHC-086H                                                          0.68%    passed    100.00%
 517  |GA-EHC-023W                                                          1.09%    passed     99.85%
 518  |GA-EHC-111G                                                          0.68%    passed    100.00%
 519  |GA-EHC-042P                                                          0.68%    passed    100.00%
 520  |GA-EHC-052Z                                                          0.87%    passed     99.98%
 521  |GA-EHC-037K                                                          0.68%    passed    100.00%
 522  |GA-EHC-022V                                                          0.77%    passed     99.99%
 523  |GA-EHC-047U                                                          0.68%    passed    100.00%
 524  |GA-EHC-033G                                                          0.68%    passed    100.00%
 525  |GA-EHC-009I                                                          0.68%    passed    100.00%
 526  |GA-EHC-038L                                                          0.68%    passed    100.00%
 527  |GA-EHC-043Q                                                          1.00%    passed    100.00%
 528  |GA-EHC-032F                                                          1.03%    passed     99.98%
****  TOTAL                                                                 0.83%  0 sequences failed composition chi2 test (p-value<5%; df=3)
NOTE: hCoV-19/USA/NY-WC-13741-01/2020|EPI_ISL_534731|2020-03-12 is identical to hCoV-19/Australia/VIC28/2020|EPI_ISL_419747|2020-03-10 but kept for subsequent analysis
NOTE: hCoV-19/USA/GA_1445/2020|EPI_ISL_420788|2020-03-04 is identical to hCoV-19/USA/GA_1320/2020|EPI_ISL_420786|2020-03-03 but kept for subsequent analysis
NOTE: hCoV-19/Australia/VIC103/2020|EPI_ISL_419814|2020-03-17 is identical to hCoV-19/Australia/VIC56/2020|EPI_ISL_419777|2020-03-12 but kept for subsequent analysis
NOTE: hCoV-19/USA/UT-QDX-1964/2020|EPI_ISL_604290|2020-03-12 is identical to hCoV-19/USA/UT-QDX-1936/2020|EPI_ISL_604286|2020-03-12 but kept for subsequent analysis
NOTE: hCoV-19/Australia/VIC350/2020|EPI_ISL_426658|2020-03-20 is identical to hCoV-19/Australia/VIC51/2020|EPI_ISL_419826|2020-03-12 but kept for subsequent analysis
NOTE: hCoV-19/USA/UT-QDX-1833/2020|EPI_ISL_604151|2020-03-14 is identical to hCoV-19/USA/UT-QDX-1825/2020|EPI_ISL_604144|2020-03-14 but kept for subsequent analysis
NOTE: hCoV-19/Shanghai/SH0032/2020|EPI_ISL_416341|2020-02-01 is identical to hCoV-19/Shanghai/SH0029/2020|EPI_ISL_416338|2020-02-01 but kept for subsequent analysis
NOTE: hCoV-19/USA/IL-QDX-685/2020|EPI_ISL_571434|2020-03-18 is identical to hCoV-19/USA/MN-QDX-2265/2020|EPI_ISL_604552|2020-03-13 but kept for subsequent analysis
NOTE: hCoV-19/USA/TX-HMH06/2020|EPI_ISL_434717|2020-03-16 is identical to hCoV-19/USA/UT-QDX-2189/2020|EPI_ISL_604578|2020-03-12 but kept for subsequent analysis
NOTE: hCoV-19/USA/MS-CDC-6566/2020|EPI_ISL_648018|2020-03-01 is identical to hCoV-19/USA/GA-QDX-2115/2020|EPI_ISL_604449|2020-03-14 but kept for subsequent analysis
NOTE: hCoV-19/South_Korea/KCDC2012/2020|EPI_ISL_426182|2020-02-09 is identical to hCoV-19/South_Korea/KCDC2047/2020|EPI_ISL_471453|2020-02-20 but kept for subsequent analysis
NOTE: hCoV-19/USA/MO-MSPHL-000010/2020|EPI_ISL_1362561|2020-03-18 is identical to hCoV-19/USA/CA-QDX-2039/2020|EPI_ISL_604319|2020-03-18 but kept for subsequent analysis
NOTE: hCoV-19/USA/NY-QDX-19/2020|EPI_ISL_467897|2020-03-16 is identical to hCoV-19/USA/NY-QDX-1941/2020|EPI_ISL_604263|2020-03-16 but kept for subsequent analysis
NOTE: hCoV-19/USA/NY-NYCPHL-000290/2020|EPI_ISL_631816|2020-03-20 is identical to hCoV-19/USA/NY-NYCPHL-000282/2020|EPI_ISL_631808|2020-03-20 but kept for subsequent analysis
NOTE: hCoV-19/USA/IL-NM087/2020|EPI_ISL_444577|2020-03-19 is identical to hCoV-19/USA/IL-NM082/2020|EPI_ISL_444573|2020-03-19 but kept for subsequent analysis
NOTE: hCoV-19/USA/WI-UW-166/2020|EPI_ISL_428262|2020-03-17 is identical to hCoV-19/USA/MI-QDX-1757/2020|EPI_ISL_604053|2020-03-18 but kept for subsequent analysis
NOTE: hCoV-19/USA/GA-QDX-2367/2020|EPI_ISL_604692|2020-03-16 is identical to hCoV-19/USA/GA-QDX-1717/2020|EPI_ISL_604024|2020-03-16 but kept for subsequent analysis
NOTE: hCoV-19/USA/MI-MDHHS-SC20451/2020|EPI_ISL_452325|2020-03-19 is identical to hCoV-19/USA/MI-QDX-58/2020|EPI_ISL_467871|2020-03-15 but kept for subsequent analysis
NOTE: hCoV-19/USA/NY-MSK-9Ai/2020|EPI_ISL_583463|2020-03-15 is identical to hCoV-19/USA/NY-MSK-9B/2020|EPI_ISL_583462|2020-03-19 but kept for subsequent analysis
NOTE: hCoV-19/USA/CA-QDX-2691/2020|EPI_ISL_604998|2020-03-16 is identical to hCoV-19/USA/NY-MSK-9Bi/2020|EPI_ISL_583464|2020-03-19 but kept for subsequent analysis
NOTE: hCoV-19/Scotland/CVR261/2020|EPI_ISL_433277|2020-03-20 is identical to hCoV-19/Scotland/CVR205/2020|EPI_ISL_425735|2020-03-19 but kept for subsequent analysis
NOTE: hCoV-19/USA/GA-QDX-597/2020|EPI_ISL_571296|2020-03-17 is identical to hCoV-19/USA/GA-UW-MAYO61/2020|EPI_ISL_500513|2020-03-17 but kept for subsequent analysis
NOTE: hCoV-19/USA/CA-QDX-1629/2020|EPI_ISL_603908|2020-03-18 is identical to hCoV-19/USA/CA-QDX-1576/2020|EPI_ISL_603890|2020-03-18 but kept for subsequent analysis
NOTE: hCoV-19/USA/NY-QDX-2711/2020|EPI_ISL_605047|2020-03-15 is identical to hCoV-19/USA/NY-NYCPHL-000738/2020|EPI_ISL_632119|2020-03-18 but kept for subsequent analysis
NOTE: hCoV-19/Australia/NSW215/2020|EPI_ISL_427730|2020-03-17 is identical to hCoV-19/Australia/NSW214/2020|EPI_ISL_427727|2020-03-17 but kept for subsequent analysis
NOTE: hCoV-19/USA/NY-NYCPHL-000549/2020|EPI_ISL_632009|2020-03-23 is identical to hCoV-19/USA/NY-NYUMC754/2020|EPI_ISL_451468|2020-03-20 but kept for subsequent analysis
NOTE: hCoV-19/USA/MN-MDH-1320/2020|EPI_ISL_495619|2020-03-24 is identical to hCoV-19/USA/GA-QDX-580/2020|EPI_ISL_571291|2020-03-18 but kept for subsequent analysis
NOTE: hCoV-19/USA/TX-HMH0207/2020|EPI_ISL_434882|2020-03-24 is identical to hCoV-19/USA/TX-HMH021/2020|EPI_ISL_434731|2020-03-17 but kept for subsequent analysis
NOTE: hCoV-19/USA/TX-HMH0111/2020|EPI_ISL_434813|2020-03-20 is identical to hCoV-19/USA/TX-HMH0105/2020|EPI_ISL_434810|2020-03-20 but kept for subsequent analysis
NOTE: hCoV-19/USA/TX-HMH0375/2020|EPI_ISL_434964|2020-03-31 is identical to hCoV-19/USA/TX-HMH0127/2020|EPI_ISL_434827|2020-03-20 but kept for subsequent analysis
NOTE: hCoV-19/USA/MN-MDH-1466/2020|EPI_ISL_518860|2020-03-23 is identical to hCoV-19/USA/MN-MDH-1474/2020|EPI_ISL_518868|2020-03-18 but kept for subsequent analysis
NOTE: hCoV-19/USA/FL-BPHL-0597/2020|EPI_ISL_508801|2020-03-24 is identical to hCoV-19/USA/FL-BPHL-0676/2020|EPI_ISL_509734|2020-03-24 but kept for subsequent analysis
NOTE: hCoV-19/USA/DE-DHSS-F917932/2020|EPI_ISL_576156|2020-03-25 is identical to hCoV-19/USA/DE-DHSS-F917914/2020|EPI_ISL_576227|2020-03-25 but kept for subsequent analysis
NOTE: hCoV-19/Canada/QC-JUS-V5251969/2020|EPI_ISL_890588|2020-03-24 is identical to hCoV-19/Scotland/CVR634/2020|EPI_ISL_425793|2020-03-25 but kept for subsequent analysis
NOTE: hCoV-19/USA/MA-MGH-00143/2020|EPI_ISL_460114|2020-03-26 is identical to hCoV-19/USA/MA-MGH-00145/2020|EPI_ISL_460170|2020-03-26 but kept for subsequent analysis
NOTE: hCoV-19/Singapore/926/2020|EPI_ISL_538458|2020-03-26 is identical to hCoV-19/Singapore/925/2020|EPI_ISL_538456|2020-03-25 but kept for subsequent analysis
NOTE: hCoV-19/USA/NY-Wadsworth-28157-01/2020|EPI_ISL_525630|2020-03-24 is identical to hCoV-19/USA/NY-Wadsworth-26730-01/2020|EPI_ISL_525626|2020-03-23 but kept for subsequent analysis
NOTE: hCoV-19/USA/DE-DHSS-F917934/2020|EPI_ISL_576225|2020-03-25 is identical to hCoV-19/USA/DE-DHSS-F917887/2020|EPI_ISL_584013|2020-03-25 but kept for subsequent analysis
NOTE: hCoV-19/USA/MI-QDX-309/2020|EPI_ISL_571053|2020-03-21 is identical to hCoV-19/USA/MI-QDX-364/2020|EPI_ISL_571107|2020-03-23 but kept for subsequent analysis
NOTE: hCoV-19/USA/TX-HMH0301/2020|EPI_ISL_434924|2020-03-28 is identical to hCoV-19/USA/TX-HMH0131/2020|EPI_ISL_434831|2020-03-21 but kept for subsequent analysis
NOTE: hCoV-19/USA/FL-UF2/2020|EPI_ISL_434637|2020-03-27 is identical to hCoV-19/USA/FL-UFL-UF2/2020|EPI_ISL_424351|2020-03-27 but kept for subsequent analysis
NOTE: 120 identical sequences (see below) will be ignored for subsequent analysis
NOTE: hCoV-19/Australia/VIC17/2020|EPI_ISL_419736|2020-03-07 (identical to hCoV-19/Australia/VIC28/2020|EPI_ISL_419747|2020-03-10) is ignored but added at the end
NOTE: hCoV-19/Australia/VIC32/2020|EPI_ISL_419751|2020-03-10 (identical to hCoV-19/Australia/VIC28/2020|EPI_ISL_419747|2020-03-10) is ignored but added at the end
NOTE: hCoV-19/Australia/VIC33/2020|EPI_ISL_419752|2020-03-10 (identical to hCoV-19/Australia/VIC28/2020|EPI_ISL_419747|2020-03-10) is ignored but added at the end
NOTE: hCoV-19/Australia/VIC35/2020|EPI_ISL_419755|2020-03-10 (identical to hCoV-19/Australia/VIC28/2020|EPI_ISL_419747|2020-03-10) is ignored but added at the end
NOTE: hCoV-19/Australia/VIC53/2020|EPI_ISL_419769|2020-03-12 (identical to hCoV-19/Australia/VIC28/2020|EPI_ISL_419747|2020-03-10) is ignored but added at the end
NOTE: hCoV-19/Australia/VIC73/2020|EPI_ISL_419785|2020-03-14 (identical to hCoV-19/Australia/VIC28/2020|EPI_ISL_419747|2020-03-10) is ignored but added at the end
NOTE: hCoV-19/Australia/VIC77/2020|EPI_ISL_419789|2020-03-14 (identical to hCoV-19/Australia/VIC28/2020|EPI_ISL_419747|2020-03-10) is ignored but added at the end
NOTE: hCoV-19/USA/FL-BPHL-2100/2020|EPI_ISL_653253|2020-03-05 (identical to hCoV-19/Australia/VIC28/2020|EPI_ISL_419747|2020-03-10) is ignored but added at the end
NOTE: hCoV-19/USA/PA-QDX-1888/2020|EPI_ISL_604279|2020-03-12 (identical to hCoV-19/Australia/VIC28/2020|EPI_ISL_419747|2020-03-10) is ignored but added at the end
NOTE: hCoV-19/USA/MA-MGH-00004/2020|EPI_ISL_460467|2020-03-11 (identical to hCoV-19/Australia/VIC28/2020|EPI_ISL_419747|2020-03-10) is ignored but added at the end
NOTE: hCoV-19/USA/NY-Wadsworth-14380-01/2020|EPI_ISL_676734|2020-03-13 (identical to hCoV-19/Australia/VIC28/2020|EPI_ISL_419747|2020-03-10) is ignored but added at the end
NOTE: hCoV-19/USA/VA-DCLS-0544/2020|EPI_ISL_485845|2020-03-11 (identical to hCoV-19/Australia/VIC28/2020|EPI_ISL_419747|2020-03-10) is ignored but added at the end
NOTE: hCoV-19/Australia/VIC85/2020|EPI_ISL_419795|2020-03-15 (identical to hCoV-19/Australia/VIC28/2020|EPI_ISL_419747|2020-03-10) is ignored but added at the end
NOTE: hCoV-19/Australia/VIC86/2020|EPI_ISL_419796|2020-03-15 (identical to hCoV-19/Australia/VIC28/2020|EPI_ISL_419747|2020-03-10) is ignored but added at the end
NOTE: hCoV-19/USA/CA-QDX-2077/2020|EPI_ISL_604395|2020-03-19 (identical to hCoV-19/Australia/VIC28/2020|EPI_ISL_419747|2020-03-10) is ignored but added at the end
NOTE: hCoV-19/USA/CA-QDX-1043/2020|EPI_ISL_571708|2020-03-17 (identical to hCoV-19/Australia/VIC28/2020|EPI_ISL_419747|2020-03-10) is ignored but added at the end
NOTE: hCoV-19/USA/CA-QDX-1975/2020|EPI_ISL_604217|2020-03-15 (identical to hCoV-19/Australia/VIC28/2020|EPI_ISL_419747|2020-03-10) is ignored but added at the end
NOTE: hCoV-19/Australia/VIC112/2020|EPI_ISL_419821|2020-03-18 (identical to hCoV-19/Australia/VIC28/2020|EPI_ISL_419747|2020-03-10) is ignored but added at the end
NOTE: hCoV-19/USA/IL-NM0109/2020|EPI_ISL_444594|2020-03-20 (identical to hCoV-19/Australia/VIC28/2020|EPI_ISL_419747|2020-03-10) is ignored but added at the end
NOTE: hCoV-19/USA/FL-QDX-2510/2020|EPI_ISL_604775|2020-03-17 (identical to hCoV-19/Australia/VIC28/2020|EPI_ISL_419747|2020-03-10) is ignored but added at the end
NOTE: hCoV-19/Australia/VIC215/2020|EPI_ISL_419910|2020-03-20 (identical to hCoV-19/Australia/VIC28/2020|EPI_ISL_419747|2020-03-10) is ignored but added at the end
NOTE: hCoV-19/USA/MA-QDX-1456/2020|EPI_ISL_603823|2020-03-16 (identical to hCoV-19/Australia/VIC28/2020|EPI_ISL_419747|2020-03-10) is ignored but added at the end
NOTE: hCoV-19/Australia/QLD1203/2020|EPI_ISL_639794|2020-03-16 (identical to hCoV-19/Australia/VIC28/2020|EPI_ISL_419747|2020-03-10) is ignored but added at the end
NOTE: hCoV-19/USA/NY-Wadsworth-18124-01/2020|EPI_ISL_676743|2020-03-16 (identical to hCoV-19/Australia/VIC28/2020|EPI_ISL_419747|2020-03-10) is ignored but added at the end
NOTE: hCoV-19/USA/NY-Wadsworth-21493-01/2020|EPI_ISL_525621|2020-03-18 (identical to hCoV-19/Australia/VIC28/2020|EPI_ISL_419747|2020-03-10) is ignored but added at the end
NOTE: hCoV-19/New_Zealand/20VR0275/2020|EPI_ISL_416538|2020-03-15 (identical to hCoV-19/Australia/VIC28/2020|EPI_ISL_419747|2020-03-10) is ignored but added at the end
NOTE: hCoV-19/USA/CA-CZB043/2020|EPI_ISL_429048|2020-03-25 (identical to hCoV-19/Australia/VIC28/2020|EPI_ISL_419747|2020-03-10) is ignored but added at the end
NOTE: hCoV-19/USA/WI-UW-252/2020|EPI_ISL_428726|2020-03-24 (identical to hCoV-19/Australia/VIC28/2020|EPI_ISL_419747|2020-03-10) is ignored but added at the end
NOTE: hCoV-19/USA/SC-USAFSAM-S101/2020|EPI_ISL_812343|2020-03-24 (identical to hCoV-19/Australia/VIC28/2020|EPI_ISL_419747|2020-03-10) is ignored but added at the end
NOTE: hCoV-19/USA/GA-QDX-2443/2020|EPI_ISL_604778|2020-03-13 (identical to hCoV-19/USA/GA_1320/2020|EPI_ISL_420786|2020-03-03) is ignored but added at the end
NOTE: hCoV-19/USA/GA-QDX-2461/2020|EPI_ISL_604779|2020-03-14 (identical to hCoV-19/USA/GA_1320/2020|EPI_ISL_420786|2020-03-03) is ignored but added at the end
NOTE: hCoV-19/USA/SC_3569/2020|EPI_ISL_424841|2020-03-06 (identical to hCoV-19/USA/GA_1320/2020|EPI_ISL_420786|2020-03-03) is ignored but added at the end
NOTE: hCoV-19/USA/UT-QDX-49/2020|EPI_ISL_467919|2020-03-13 (identical to hCoV-19/USA/GA_1320/2020|EPI_ISL_420786|2020-03-03) is ignored but added at the end
NOTE: hCoV-19/USA/UT-QDX-57/2020|EPI_ISL_467920|2020-03-12 (identical to hCoV-19/USA/GA_1320/2020|EPI_ISL_420786|2020-03-03) is ignored but added at the end
NOTE: hCoV-19/USA/SC_3520/2020|EPI_ISL_424902|2020-03-05 (identical to hCoV-19/USA/GA_1320/2020|EPI_ISL_420786|2020-03-03) is ignored but added at the end
NOTE: hCoV-19/USA/SC_3570/2020|EPI_ISL_424903|2020-03-07 (identical to hCoV-19/USA/GA_1320/2020|EPI_ISL_420786|2020-03-03) is ignored but added at the end
NOTE: hCoV-19/USA/GA_1847/2020|EPI_ISL_424859|2020-03-05 (identical to hCoV-19/USA/GA_1320/2020|EPI_ISL_420786|2020-03-03) is ignored but added at the end
NOTE: hCoV-19/USA/GA_2070/2020|EPI_ISL_426417|2020-03-07 (identical to hCoV-19/USA/GA_1320/2020|EPI_ISL_420786|2020-03-03) is ignored but added at the end
NOTE: hCoV-19/USA/AZ-QDX-1729/2020|EPI_ISL_604015|2020-03-17 (identical to hCoV-19/USA/GA_1320/2020|EPI_ISL_420786|2020-03-03) is ignored but added at the end
NOTE: hCoV-19/USA/LA-QDX-2131/2020|EPI_ISL_604455|2020-03-18 (identical to hCoV-19/USA/GA_1320/2020|EPI_ISL_420786|2020-03-03) is ignored but added at the end
NOTE: hCoV-19/USA/MN-QDX-1386/2020|EPI_ISL_572175|2020-03-16 (identical to hCoV-19/USA/GA_1320/2020|EPI_ISL_420786|2020-03-03) is ignored but added at the end
NOTE: |GA-EHC-037K (identical to hCoV-19/USA/GA_1320/2020|EPI_ISL_420786|2020-03-03) is ignored but added at the end
NOTE: hCoV-19/USA/GA-QDX-115/2020|EPI_ISL_467845|2020-03-13 (identical to hCoV-19/USA/UT-QDX-1936/2020|EPI_ISL_604286|2020-03-12) is ignored but added at the end
NOTE: hCoV-19/USA/GA-QDX-122/2020|EPI_ISL_467847|2020-03-13 (identical to hCoV-19/USA/UT-QDX-1936/2020|EPI_ISL_604286|2020-03-12) is ignored but added at the end
NOTE: hCoV-19/USA/GA-QDX-152/2020|EPI_ISL_467848|2020-03-13 (identical to hCoV-19/USA/UT-QDX-1936/2020|EPI_ISL_604286|2020-03-12) is ignored but added at the end
NOTE: hCoV-19/USA/IL-NM071/2020|EPI_ISL_444566|2020-03-18 (identical to hCoV-19/USA/UT-QDX-1936/2020|EPI_ISL_604286|2020-03-12) is ignored but added at the end
NOTE: hCoV-19/USA/CA-QDX-698/2020|EPI_ISL_571417|2020-03-20 (identical to hCoV-19/USA/UT-QDX-1936/2020|EPI_ISL_604286|2020-03-12) is ignored but added at the end
NOTE: hCoV-19/USA/CA-QDX-2647/2020|EPI_ISL_604909|2020-03-16 (identical to hCoV-19/USA/UT-QDX-1936/2020|EPI_ISL_604286|2020-03-12) is ignored but added at the end
NOTE: hCoV-19/USA/CA-QDX-797/2020|EPI_ISL_571491|2020-03-22 (identical to hCoV-19/USA/UT-QDX-1936/2020|EPI_ISL_604286|2020-03-12) is ignored but added at the end
NOTE: hCoV-19/USA/WI-UW-218/2020|EPI_ISL_428314|2020-03-25 (identical to hCoV-19/USA/UT-QDX-1936/2020|EPI_ISL_604286|2020-03-12) is ignored but added at the end
NOTE: hCoV-19/USA/MN-MDH-1428/2020|EPI_ISL_514647|2020-03-25 (identical to hCoV-19/USA/UT-QDX-1936/2020|EPI_ISL_604286|2020-03-12) is ignored but added at the end
NOTE: hCoV-19/USA/WI-UW-33/2020|EPI_ISL_421291|2020-03-23 (identical to hCoV-19/USA/UT-QDX-1936/2020|EPI_ISL_604286|2020-03-12) is ignored but added at the end
NOTE: hCoV-19/USA/MO-MSPHL-000042/2020|EPI_ISL_1362593|2020-03-30 (identical to hCoV-19/USA/UT-QDX-1936/2020|EPI_ISL_604286|2020-03-12) is ignored but added at the end
NOTE: hCoV-19/USA/CA-QDX-111/2020|EPI_ISL_468563|2020-03-13 (identical to hCoV-19/USA/UT-QDX-1825/2020|EPI_ISL_604144|2020-03-14) is ignored but added at the end
NOTE: hCoV-19/USA/UT-QDX-63/2020|EPI_ISL_467921|2020-03-13 (identical to hCoV-19/USA/UT-QDX-1825/2020|EPI_ISL_604144|2020-03-14) is ignored but added at the end
NOTE: hCoV-19/USA/MN-QDX-2258/2020|EPI_ISL_604551|2020-03-14 (identical to hCoV-19/USA/UT-QDX-1825/2020|EPI_ISL_604144|2020-03-14) is ignored but added at the end
NOTE: hCoV-19/USA/UT-QDX-2550/2020|EPI_ISL_604865|2020-03-13 (identical to hCoV-19/USA/UT-QDX-1825/2020|EPI_ISL_604144|2020-03-14) is ignored but added at the end
NOTE: hCoV-19/USA/CA-QDX-2022/2020|EPI_ISL_604310|2020-03-19 (identical to hCoV-19/USA/UT-QDX-1825/2020|EPI_ISL_604144|2020-03-14) is ignored but added at the end
NOTE: hCoV-19/USA/FL-QDX-2018/2020|EPI_ISL_604326|2020-03-16 (identical to hCoV-19/USA/UT-QDX-1825/2020|EPI_ISL_604144|2020-03-14) is ignored but added at the end
NOTE: hCoV-19/USA/GA-QDX-1742/2020|EPI_ISL_604025|2020-03-16 (identical to hCoV-19/USA/UT-QDX-1825/2020|EPI_ISL_604144|2020-03-14) is ignored but added at the end
NOTE: hCoV-19/USA/GA-QDX-2420/2020|EPI_ISL_604695|2020-03-16 (identical to hCoV-19/USA/UT-QDX-1825/2020|EPI_ISL_604144|2020-03-14) is ignored but added at the end
NOTE: hCoV-19/USA/GA-QDX-2425/2020|EPI_ISL_604697|2020-03-16 (identical to hCoV-19/USA/UT-QDX-1825/2020|EPI_ISL_604144|2020-03-14) is ignored but added at the end
NOTE: hCoV-19/USA/LA-QDX-1193/2020|EPI_ISL_571939|2020-03-16 (identical to hCoV-19/USA/UT-QDX-1825/2020|EPI_ISL_604144|2020-03-14) is ignored but added at the end
NOTE: hCoV-19/USA/VI-CDC-3638/2020|EPI_ISL_464167|2020-03-19 (identical to hCoV-19/USA/UT-QDX-1825/2020|EPI_ISL_604144|2020-03-14) is ignored but added at the end
NOTE: hCoV-19/USA/GA-QDX-582/2020|EPI_ISL_571293|2020-03-17 (identical to hCoV-19/USA/UT-QDX-1825/2020|EPI_ISL_604144|2020-03-14) is ignored but added at the end
NOTE: hCoV-19/USA/NY-WCMP11A03P/2020|EPI_ISL_427583|2020-03-16 (identical to hCoV-19/USA/UT-QDX-1825/2020|EPI_ISL_604144|2020-03-14) is ignored but added at the end
NOTE: hCoV-19/USA/MS-CDC-6574/2020|EPI_ISL_648026|2020-03-15 (identical to hCoV-19/USA/UT-QDX-1825/2020|EPI_ISL_604144|2020-03-14) is ignored but added at the end
NOTE: hCoV-19/USA/IN-Lilly-IPB0173-06bc31/2020|EPI_ISL_911470|2020-03-24 (identical to hCoV-19/USA/UT-QDX-1825/2020|EPI_ISL_604144|2020-03-14) is ignored but added at the end
NOTE: hCoV-19/USA/un-UOM-20x1025/2020|EPI_ISL_884541|2020-03-24 (identical to hCoV-19/USA/UT-QDX-1825/2020|EPI_ISL_604144|2020-03-14) is ignored but added at the end
NOTE: hCoV-19/USA/MA-MGH-00563/2020|EPI_ISL_460186|2020-03-22 (identical to hCoV-19/USA/UT-QDX-1825/2020|EPI_ISL_604144|2020-03-14) is ignored but added at the end
NOTE: hCoV-19/USA/WA-UW-2228/2020|EPI_ISL_426119|2020-03-23 (identical to hCoV-19/USA/UT-QDX-1825/2020|EPI_ISL_604144|2020-03-14) is ignored but added at the end
NOTE: hCoV-19/USA/un-UOM-20x1052/2020|EPI_ISL_884552|2020-03-28 (identical to hCoV-19/USA/UT-QDX-1825/2020|EPI_ISL_604144|2020-03-14) is ignored but added at the end
NOTE: hCoV-19/USA/PA-MGEL107/2020|EPI_ISL_454384|2020-03-31 (identical to hCoV-19/USA/UT-QDX-1825/2020|EPI_ISL_604144|2020-03-14) is ignored but added at the end
NOTE: hCoV-19/USA/VA-DCLS-0070/2020|EPI_ISL_429970|2020-03-28 (identical to hCoV-19/USA/UT-QDX-1825/2020|EPI_ISL_604144|2020-03-14) is ignored but added at the end
NOTE: hCoV-19/USA/VA-DCLS-0591/2020|EPI_ISL_526811|2020-03-28 (identical to hCoV-19/USA/UT-QDX-1825/2020|EPI_ISL_604144|2020-03-14) is ignored but added at the end
NOTE: hCoV-19/USA/TX-HMH0300/2020|EPI_ISL_434923|2020-03-28 (identical to hCoV-19/USA/UT-QDX-1825/2020|EPI_ISL_604144|2020-03-14) is ignored but added at the end
NOTE: |GA-EHC-009I (identical to hCoV-19/USA/UT-QDX-1825/2020|EPI_ISL_604144|2020-03-14) is ignored but added at the end
NOTE: hCoV-19/Shanghai/SH0079/2020|EPI_ISL_416381|2020-02-01 (identical to hCoV-19/Shanghai/SH0029/2020|EPI_ISL_416338|2020-02-01) is ignored but added at the end
NOTE: hCoV-19/Vietnam/38142/2020|EPI_ISL_416427|2020-01-24 (identical to hCoV-19/Shanghai/SH0029/2020|EPI_ISL_416338|2020-02-01) is ignored but added at the end
NOTE: hCoV-19/USA/IL-NM0120/2020|EPI_ISL_444603|2020-03-21 (identical to hCoV-19/USA/MN-QDX-2265/2020|EPI_ISL_604552|2020-03-13) is ignored but added at the end
NOTE: hCoV-19/USA/MI-QDX-593/2020|EPI_ISL_571331|2020-03-19 (identical to hCoV-19/USA/GA-QDX-2115/2020|EPI_ISL_604449|2020-03-14) is ignored but added at the end
NOTE: hCoV-19/USA/MI-MDHHS-SC20242/2020|EPI_ISL_447212|2020-03-23 (identical to hCoV-19/USA/GA-QDX-2115/2020|EPI_ISL_604449|2020-03-14) is ignored but added at the end
NOTE: hCoV-19/USA/MI-QDX-296/2020|EPI_ISL_571040|2020-03-21 (identical to hCoV-19/USA/GA-QDX-2115/2020|EPI_ISL_604449|2020-03-14) is ignored but added at the end
NOTE: hCoV-19/USA/MI-MDHHS-SC21136/2020|EPI_ISL_507912|2020-03-30 (identical to hCoV-19/USA/GA-QDX-2115/2020|EPI_ISL_604449|2020-03-14) is ignored but added at the end
NOTE: hCoV-19/South_Korea/KCDC2013/2020|EPI_ISL_426183|2020-02-23 (identical to hCoV-19/South_Korea/KCDC2047/2020|EPI_ISL_471453|2020-02-20) is ignored but added at the end
NOTE: hCoV-19/USA/TX-QDX-1097/2020|EPI_ISL_571903|2020-03-20 (identical to hCoV-19/USA/CA-QDX-2039/2020|EPI_ISL_604319|2020-03-18) is ignored but added at the end
NOTE: hCoV-19/USA/TX-QDX-2122/2020|EPI_ISL_604486|2020-03-20 (identical to hCoV-19/USA/CA-QDX-2039/2020|EPI_ISL_604319|2020-03-18) is ignored but added at the end
NOTE: hCoV-19/USA/UT-QDX-1462/2020|EPI_ISL_603847|2020-03-16 (identical to hCoV-19/USA/CA-QDX-2039/2020|EPI_ISL_604319|2020-03-18) is ignored but added at the end
NOTE: hCoV-19/USA/TX-QDX-1198/2020|EPI_ISL_572036|2020-03-16 (identical to hCoV-19/USA/CA-QDX-2039/2020|EPI_ISL_604319|2020-03-18) is ignored but added at the end
NOTE: hCoV-19/USA/TX-QDX-1201/2020|EPI_ISL_572038|2020-03-16 (identical to hCoV-19/USA/CA-QDX-2039/2020|EPI_ISL_604319|2020-03-18) is ignored but added at the end
NOTE: hCoV-19/USA/FL-QDX-574/2020|EPI_ISL_571286|2020-03-18 (identical to hCoV-19/USA/CA-QDX-2039/2020|EPI_ISL_604319|2020-03-18) is ignored but added at the end
NOTE: hCoV-19/USA/TX-HMH0110/2020|EPI_ISL_434812|2020-03-20 (identical to hCoV-19/USA/CA-QDX-2039/2020|EPI_ISL_604319|2020-03-18) is ignored but added at the end
NOTE: hCoV-19/USA/TX-HMH0125/2020|EPI_ISL_434825|2020-03-20 (identical to hCoV-19/USA/CA-QDX-2039/2020|EPI_ISL_604319|2020-03-18) is ignored but added at the end
NOTE: hCoV-19/USA/TX-HMH096/2020|EPI_ISL_434801|2020-03-19 (identical to hCoV-19/USA/CA-QDX-2039/2020|EPI_ISL_604319|2020-03-18) is ignored but added at the end
NOTE: hCoV-19/USA/TX_GCID_192000135/2020|EPI_ISL_445084|2020-03-25 (identical to hCoV-19/USA/CA-QDX-2039/2020|EPI_ISL_604319|2020-03-18) is ignored but added at the end
NOTE: hCoV-19/USA/TX-HMH0128/2020|EPI_ISL_434828|2020-03-21 (identical to hCoV-19/USA/CA-QDX-2039/2020|EPI_ISL_604319|2020-03-18) is ignored but added at the end
NOTE: hCoV-19/USA/TX-HMH0209/2020|EPI_ISL_434884|2020-03-24 (identical to hCoV-19/USA/CA-QDX-2039/2020|EPI_ISL_604319|2020-03-18) is ignored but added at the end
NOTE: hCoV-19/USA/MA-MGH-00614/2020|EPI_ISL_460205|2020-03-28 (identical to hCoV-19/USA/CA-QDX-2039/2020|EPI_ISL_604319|2020-03-18) is ignored but added at the end
NOTE: hCoV-19/USA/TX-HMH0322/2020|EPI_ISL_434934|2020-03-28 (identical to hCoV-19/USA/CA-QDX-2039/2020|EPI_ISL_604319|2020-03-18) is ignored but added at the end
NOTE: hCoV-19/USA/TX-HMH0387/2020|EPI_ISL_434974|2020-03-29 (identical to hCoV-19/USA/CA-QDX-2039/2020|EPI_ISL_604319|2020-03-18) is ignored but added at the end
NOTE: hCoV-19/USA/TX-HMH0279/2020|EPI_ISL_434907|2020-03-27 (identical to hCoV-19/USA/CA-QDX-2039/2020|EPI_ISL_604319|2020-03-18) is ignored but added at the end
NOTE: hCoV-19/USA/TX-HMH0290/2020|EPI_ISL_434916|2020-03-27 (identical to hCoV-19/USA/CA-QDX-2039/2020|EPI_ISL_604319|2020-03-18) is ignored but added at the end
NOTE: hCoV-19/USA/TX-HMH0274/2020|EPI_ISL_434902|2020-03-27 (identical to hCoV-19/USA/CA-QDX-2039/2020|EPI_ISL_604319|2020-03-18) is ignored but added at the end
NOTE: hCoV-19/USA/TX-HMH0277/2020|EPI_ISL_434905|2020-03-27 (identical to hCoV-19/USA/CA-QDX-2039/2020|EPI_ISL_604319|2020-03-18) is ignored but added at the end
NOTE: hCoV-19/USA/TX-HMH-1736/2020|EPI_ISL_542803|2020-03-30 (identical to hCoV-19/USA/CA-QDX-2039/2020|EPI_ISL_604319|2020-03-18) is ignored but added at the end
NOTE: hCoV-19/USA/MI-QDX-636/2020|EPI_ISL_571361|2020-03-17 (identical to hCoV-19/USA/MI-QDX-58/2020|EPI_ISL_467871|2020-03-15) is ignored but added at the end
NOTE: hCoV-19/USA/FL-BPHL-0682/2020|EPI_ISL_509740|2020-03-26 (identical to hCoV-19/USA/NY-MSK-9Bi/2020|EPI_ISL_583464|2020-03-19) is ignored but added at the end
NOTE: hCoV-19/USA/CA-QDX-1675/2020|EPI_ISL_603924|2020-03-18 (identical to hCoV-19/USA/CA-QDX-1576/2020|EPI_ISL_603890|2020-03-18) is ignored but added at the end
NOTE: hCoV-19/Australia/NSW374/2020|EPI_ISL_451634|2020-03-21 (identical to hCoV-19/Australia/NSW214/2020|EPI_ISL_427727|2020-03-17) is ignored but added at the end
NOTE: hCoV-19/USA/TX-HMH0276/2020|EPI_ISL_434904|2020-03-27 (identical to hCoV-19/USA/TX-HMH021/2020|EPI_ISL_434731|2020-03-17) is ignored but added at the end
NOTE: hCoV-19/Canada/AB-76629/2020|EPI_ISL_806416|2020-03-27 (identical to hCoV-19/USA/TX-HMH021/2020|EPI_ISL_434731|2020-03-17) is ignored but added at the end
NOTE: hCoV-19/USA/MN-MDH-1469/2020|EPI_ISL_518863|2020-03-23 (identical to hCoV-19/USA/MN-MDH-1474/2020|EPI_ISL_518868|2020-03-18) is ignored but added at the end
NOTE: hCoV-19/USA/MN-MDH-1436/2020|EPI_ISL_514655|2020-03-31 (identical to hCoV-19/USA/MN-MDH-1474/2020|EPI_ISL_518868|2020-03-18) is ignored but added at the end
NOTE: hCoV-19/USA/FL-BPHL-0595/2020|EPI_ISL_508799|2020-03-24 (identical to hCoV-19/USA/FL-BPHL-0676/2020|EPI_ISL_509734|2020-03-24) is ignored but added at the end
NOTE: hCoV-19/USA/DE-DHSS-F917945/2020|EPI_ISL_576223|2020-03-25 (identical to hCoV-19/USA/DE-DHSS-F917914/2020|EPI_ISL_576227|2020-03-25) is ignored but added at the end
NOTE: hCoV-19/USA/DE-DHSS-F917930/2020|EPI_ISL_576224|2020-03-25 (identical to hCoV-19/USA/DE-DHSS-F917914/2020|EPI_ISL_576227|2020-03-25) is ignored but added at the end
NOTE: hCoV-19/USA/DE-DHSS-F918170/2020|EPI_ISL_593945|2020-03-27 (identical to hCoV-19/USA/DE-DHSS-F917914/2020|EPI_ISL_576227|2020-03-25) is ignored but added at the end
NOTE: hCoV-19/USA/DE-DHSS-F918451/2020|EPI_ISL_593966|2020-03-31 (identical to hCoV-19/USA/DE-DHSS-F917914/2020|EPI_ISL_576227|2020-03-25) is ignored but added at the end
NOTE: hCoV-19/USA/DE-DHSS-F918161/2020|EPI_ISL_576151|2020-03-27 (identical to hCoV-19/USA/DE-DHSS-F917914/2020|EPI_ISL_576227|2020-03-25) is ignored but added at the end
NOTE: hCoV-19/Canada/QC-JUS-V5291038/2020|EPI_ISL_890798|2020-03-27 (identical to hCoV-19/Scotland/CVR634/2020|EPI_ISL_425793|2020-03-25) is ignored but added at the end
Alignment was printed to data/19B_subclade/19B_subclade_family.uniqueseq.phy

For your convenience alignment with unique sequences printed to data/19B_subclade/19B_subclade_family.uniqueseq.phy

Creating fast initial parsimony tree by random order stepwise addition...
0.183 seconds, parsimony score: 409 (based on 383 sites)
Perform fast likelihood tree search using GTR+I+G model...
Estimate model parameters (epsilon = 5.000)
Perform nearest neighbor interchange...
Estimate model parameters (epsilon = 1.000)
1. Initial log-likelihood: -44853.344
Optimal log-likelihood: -44853.332
Rate parameters:  A-C: 0.28601  A-G: 1.40229  A-T: 0.37612  C-G: 0.25587  C-T: 4.02491  G-T: 1.00000
Base frequencies:  A: 0.299  C: 0.184  G: 0.196  T: 0.321
Proportion of invariable sites: 0.494
Gamma shape alpha: 0.124
Parameters optimization took 1 rounds (0.287 sec)
Time for fast ML tree search: 1.488 seconds

NOTE: ModelFinder requires 60 MB RAM!
ModelFinder will test up to 88 DNA models (sample size: 29903) ...
 No. Model         -LnL         df  AIC          AICc         BIC
  1  GTR+F         44884.092    821 91410.183    91456.596    98229.175
  2  GTR+F+I       44853.423    822 91350.846    91397.374    98178.143
  3  GTR+F+G4      44857.864    822 91359.727    91406.254    98187.024
  4  GTR+F+I+G4    44853.330    823 91352.659    91399.302    98188.262
  6  SYM+I         45791.102    819 93220.204    93266.388    100022.584
  7  SYM+G4        45800.816    819 93239.633    93285.816    100042.012
 10  TVM+F+I       44887.589    821 91417.177    91463.590    98236.169
 11  TVM+F+G4      44893.453    821 91428.906    91475.318    98247.897
 14  TVMe+I        45825.965    818 93287.929    93333.999    100082.003
 15  TVMe+G4       45836.231    818 93308.461    93354.530    100102.535
 18  TIM3+F+I      44863.306    820 91366.613    91412.911    98177.298
 19  TIM3+F+G4     44867.954    820 91375.907    91422.205    98186.593
 22  TIM3e+I       45796.980    817 93227.959    93273.914    100013.727
 23  TIM3e+G4      45806.903    817 93247.805    93293.761    100033.574
 26  TIM2+F+I      44863.217    820 91366.435    91412.733    98177.120
 27  TIM2+F+G4     44866.955    820 91373.909    91420.207    98184.595
 30  TIM2e+I       45808.525    817 93251.051    93297.006    100036.819
 31  TIM2e+G4      45815.690    817 93265.380    93311.336    100051.149
 34  TIM+F+I       44864.942    820 91369.885    91416.183    98180.570
 35  TIM+F+G4      44869.173    820 91378.347    91424.645    98189.033
 38  TIMe+I        45807.901    817 93249.802    93295.757    100035.570
 39  TIMe+G4       45815.404    817 93264.808    93310.763    100050.576
 42  TPM3u+F+I     44897.584    819 91433.168    91479.352    98235.548
 43  TPM3u+F+G4    44903.652    819 91445.304    91491.488    98247.684
 46  TPM3+F+I      44897.584    819 91433.168    91479.352    98235.548
 47  TPM3+F+G4     44903.652    819 91445.304    91491.488    98247.684
 50  TPM2u+F+I     44897.732    819 91433.464    91479.647    98235.843
 51  TPM2u+F+G4    44902.619    819 91443.237    91489.421    98245.617
 54  TPM2+F+I      44897.732    819 91433.464    91479.647    98235.843
 55  TPM2+F+G4     44902.619    819 91443.237    91489.421    98245.617
 58  K3Pu+F+I      44899.515    819 91437.030    91483.214    98239.410
 59  K3Pu+F+G4     44904.441    819 91446.883    91493.067    98249.263
 62  K3P+I         45842.478    816 93316.956    93362.797    100094.418
 63  K3P+G4        45850.653    816 93333.306    93379.147    100110.769
 66  TN+F+I        44870.582    819 91379.164    91425.348    98181.544
 67  TN+F+G4       44874.455    819 91386.910    91433.094    98189.290
 70  TNe+I         45811.984    816 93255.968    93301.810    100033.431
 71  TNe+G4        45819.466    816 93270.933    93316.774    100048.395
 74  HKY+F+I       44905.096    818 91446.192    91492.261    98240.266
 75  HKY+F+G4      44910.150    818 91456.300    91502.370    98250.374
 78  K2P+I         45846.564    815 93323.128    93368.856    100092.285
 79  K2P+G4        45854.727    815 93339.454    93385.182    100108.611
 82  F81+F+I       45043.995    817 91721.989    91767.944    98507.757
 83  F81+F+G4      45050.560    817 91735.120    91781.076    98520.889
 86  JC+I          45978.187    814 93584.373    93629.987    100345.225
 87  JC+G4         45986.337    814 93600.674    93646.288    100361.525
Akaike Information Criterion:           GTR+F+I
Corrected Akaike Information Criterion: GTR+F+I
Bayesian Information Criterion:         TIM2+F+I
Best-fit model: TIM2+F+I chosen according to BIC

All model information printed to data/19B_subclade/19B_subclade_family.model.gz
CPU time for ModelFinder: 72.962 seconds (0h:1m:12s)
Wall-clock time for ModelFinder: 18.677 seconds (0h:0m:18s)

NOTE: 15 MB RAM (0 GB) is required!
Estimate model parameters (epsilon = 0.100)
1. Initial log-likelihood: -44863.217
Optimal log-likelihood: -44863.215
Rate parameters:  A-C: 0.48605  A-G: 1.99004  A-T: 0.48605  C-G: 1.00000  C-T: 5.84735  G-T: 1.00000
Base frequencies:  A: 0.299  C: 0.184  G: 0.196  T: 0.321
Proportion of invariable sites: 0.859
Parameters optimization took 1 rounds (0.076 sec)
Computing ML distances based on estimated model parameters...
Computing ML distances took 0.329703 sec (of wall-clock time) 1.311446 sec(of CPU time)
Computing RapidNJ tree took 0.015633 sec (of wall-clock time) 0.071182 sec (of CPU time)
Log-likelihood of RapidNJ tree: -44891.377
--------------------------------------------------------------------
|             INITIALIZING CANDIDATE TREE SET                      |
--------------------------------------------------------------------
Generating 98 parsimony trees... 5.310 second
Computing log-likelihood of 98 initial trees ... 1.750 seconds
Current best score: -44863.215

Do NNI search on 20 best initial trees
Estimate model parameters (epsilon = 0.100)
BETTER TREE FOUND at iteration 1: -44863.182
Estimate model parameters (epsilon = 0.100)
BETTER TREE FOUND at iteration 2: -44863.136
Iteration 10 / LogL: -44864.433 / Time: 0h:0m:10s
Iteration 20 / LogL: -44865.169 / Time: 0h:0m:12s
Finish initializing candidate tree set (20)
Current best tree score: -44863.136 / CPU time: 11.920
Number of iterations: 20
--------------------------------------------------------------------
|               OPTIMIZING CANDIDATE TREE SET                      |
--------------------------------------------------------------------
Iteration 30 / LogL: -44875.859 / Time: 0h:0m:16s (0h:0m:40s left)
Iteration 40 / LogL: -44877.847 / Time: 0h:0m:19s (0h:0m:30s left)
Iteration 50 / LogL: -44932.024 / Time: 0h:0m:22s (0h:0m:24s left)
Iteration 60 / LogL: -44874.824 / Time: 0h:0m:26s (0h:0m:18s left)
Iteration 70 / LogL: -44880.767 / Time: 0h:0m:29s (0h:0m:13s left)
Iteration 80 / LogL: -44866.939 / Time: 0h:0m:32s (0h:0m:9s left)
Iteration 90 / LogL: -44896.339 / Time: 0h:0m:36s (0h:0m:4s left)
Iteration 100 / LogL: -44868.471 / Time: 0h:0m:39s (0h:0m:0s left)
TREE SEARCH COMPLETED AFTER 103 ITERATIONS / Time: 0h:0m:40s

--------------------------------------------------------------------
|                    FINALIZING TREE SEARCH                        |
--------------------------------------------------------------------
Performs final model parameters optimization
Estimate model parameters (epsilon = 0.010)
1. Initial log-likelihood: -44863.136
Optimal log-likelihood: -44863.135
Rate parameters:  A-C: 0.49196  A-G: 1.99550  A-T: 0.49196  C-G: 1.00000  C-T: 5.83821  G-T: 1.00000
Base frequencies:  A: 0.299  C: 0.184  G: 0.196  T: 0.321
Proportion of invariable sites: 0.859
Parameters optimization took 1 rounds (0.085 sec)
BEST SCORE FOUND : -44863.135
Collapsing near-zero internal branches... 324 collapsed
Total tree length: 0.014

Total number of iterations: 103
CPU time used for tree search: 157.061 sec (0h:2m:37s)
Wall-clock time used for tree search: 39.882 sec (0h:0m:39s)
Total CPU time used: 160.161 sec (0h:2m:40s)
Total wall-clock time used: 40.634 sec (0h:0m:40s)

Analysis results written to: 
  IQ-TREE report:                data/19B_subclade/19B_subclade_family.iqtree
  Maximum-likelihood tree:       data/19B_subclade/19B_subclade_family.treefile
  Likelihood distances:          data/19B_subclade/19B_subclade_family.mldist
  Screen log file:               data/19B_subclade/19B_subclade_family.log

Date and Time: Thu Aug 19 16:25:45 2021
